2020-04-12 10:56:51.223 INFO [main] [com.stepdefinitions.Logging_PetStore] [the_user_launches_the_browser] [com.stepdefinitions.Logging_PetStore.the_user_launches_the_browser(Logging_PetStore.java:27)] - Launches the browser
2020-04-12 10:56:59.268 DEBUG [main] [com.stepdefinitions.Logging_PetStore] [the_user_open_PetStore_HomePage_using_the_link] [com.stepdefinitions.Logging_PetStore.the_user_open_PetStore_HomePage_using_the_link(Logging_PetStore.java:33)] - Opens the Home Page of the Petstore website
2020-04-12 10:57:00.048 WARN [main] [com.stepdefinitions.Logging_PetStore] [the_user_enters_valid_and] [com.stepdefinitions.Logging_PetStore.the_user_enters_valid_and(Logging_PetStore.java:39)] - Warns to login with different credentials
2020-04-12 10:59:18.948 FATAL [main] [com.stepdefinitions.Logging_PetStore] [the_user_enters_valid_and] [com.stepdefinitions.Logging_PetStore.the_user_enters_valid_and(Logging_PetStore.java:42)] - DataDriven is done
2020-04-12 10:59:20.480 DEBUG [main] [com.stepdefinitions.Logging_PetStore] [the_user_clicks_on_login_button] [com.stepdefinitions.Logging_PetStore.the_user_clicks_on_login_button(Logging_PetStore.java:48)] - Signin takes place
2020-04-12 10:59:23.693 INFO [main] [com.stepdefinitions.Logging_PetStore] [the_user_lands_on_the_Welcome_page] [com.stepdefinitions.Logging_PetStore.the_user_lands_on_the_Welcome_page(Logging_PetStore.java:54)] - Open the welcome page
2020-04-12 10:59:32.953 INFO [main] [com.stepdefinitions.Logging_PetStore] [the_user_launches_the_browser] [com.stepdefinitions.Logging_PetStore.the_user_launches_the_browser(Logging_PetStore.java:27)] - Launches the browser
2020-04-12 10:59:37.153 DEBUG [main] [com.stepdefinitions.Logging_PetStore] [the_user_open_PetStore_HomePage_using_the_link] [com.stepdefinitions.Logging_PetStore.the_user_open_PetStore_HomePage_using_the_link(Logging_PetStore.java:33)] - Opens the Home Page of the Petstore website
2020-04-12 10:59:37.464 WARN [main] [com.stepdefinitions.Logging_PetStore] [the_user_enters_valid_and] [com.stepdefinitions.Logging_PetStore.the_user_enters_valid_and(Logging_PetStore.java:39)] - Warns to login with different credentials
2020-04-12 11:01:21.144 INFO [main] [com.stepdefinitions.Logging_PetStore] [the_user_launches_the_browser] [com.stepdefinitions.Logging_PetStore.the_user_launches_the_browser(Logging_PetStore.java:27)] - Launches the browser
2020-04-12 11:01:31.871 INFO [main] [com.stepdefinitions.Logging_PetStore] [the_user_launches_the_browser] [com.stepdefinitions.Logging_PetStore.the_user_launches_the_browser(Logging_PetStore.java:27)] - Launches the browser
2020-04-12 11:01:37.177 DEBUG [main] [com.stepdefinitions.Logging_PetStore] [the_user_open_PetStore_HomePage_using_the_link] [com.stepdefinitions.Logging_PetStore.the_user_open_PetStore_HomePage_using_the_link(Logging_PetStore.java:33)] - Opens the Home Page of the Petstore website
2020-04-12 11:01:37.509 WARN [main] [com.stepdefinitions.Logging_PetStore] [the_user_enters_valid_and] [com.stepdefinitions.Logging_PetStore.the_user_enters_valid_and(Logging_PetStore.java:39)] - Warns to login with different credentials
2020-04-12 11:10:56.776 INFO [main] [com.stepdefinitions.Logging_PetStore] [the_user_launches_the_browser] [com.stepdefinitions.Logging_PetStore.the_user_launches_the_browser(Logging_PetStore.java:27)] - Launches the browser
2020-04-12 11:11:02.282 DEBUG [main] [com.stepdefinitions.Logging_PetStore] [the_user_open_PetStore_HomePage_using_the_link] [com.stepdefinitions.Logging_PetStore.the_user_open_PetStore_HomePage_using_the_link(Logging_PetStore.java:33)] - Opens the Home Page of the Petstore website
2020-04-12 11:11:02.657 WARN [main] [com.stepdefinitions.Logging_PetStore] [the_user_enters_valid_and] [com.stepdefinitions.Logging_PetStore.the_user_enters_valid_and(Logging_PetStore.java:39)] - Warns to login with different credentials
2020-04-12 11:11:03.481 DEBUG [main] [com.stepdefinitions.Logging_PetStore] [the_user_clicks_on_login_button] [com.stepdefinitions.Logging_PetStore.the_user_clicks_on_login_button(Logging_PetStore.java:46)] - Signin takes place
2020-04-12 11:11:06.985 INFO [main] [com.stepdefinitions.Logging_PetStore] [the_user_lands_on_the_Welcome_page] [com.stepdefinitions.Logging_PetStore.the_user_lands_on_the_Welcome_page(Logging_PetStore.java:52)] - Open the welcome page
2020-04-12 11:12:23.861 FATAL [main] [com.stepdefinitions.Logging_PetStore] [the_user_lands_on_the_Welcome_page] [com.stepdefinitions.Logging_PetStore.the_user_lands_on_the_Welcome_page(Logging_PetStore.java:55)] - DataDriven is done
2020-04-12 11:12:29.325 INFO [main] [com.stepdefinitions.Logging_PetStore] [the_user_launches_the_browser] [com.stepdefinitions.Logging_PetStore.the_user_launches_the_browser(Logging_PetStore.java:27)] - Launches the browser
2020-04-12 11:12:31.799 DEBUG [main] [com.stepdefinitions.Logging_PetStore] [the_user_open_PetStore_HomePage_using_the_link] [com.stepdefinitions.Logging_PetStore.the_user_open_PetStore_HomePage_using_the_link(Logging_PetStore.java:33)] - Opens the Home Page of the Petstore website
2020-04-12 11:12:32.098 WARN [main] [com.stepdefinitions.Logging_PetStore] [the_user_enters_valid_and] [com.stepdefinitions.Logging_PetStore.the_user_enters_valid_and(Logging_PetStore.java:39)] - Warns to login with different credentials
2020-04-12 11:12:32.514 DEBUG [main] [com.stepdefinitions.Logging_PetStore] [the_user_clicks_on_login_button] [com.stepdefinitions.Logging_PetStore.the_user_clicks_on_login_button(Logging_PetStore.java:46)] - Signin takes place
2020-04-12 11:12:34.231 INFO [main] [com.stepdefinitions.Logging_PetStore] [the_user_lands_on_the_Welcome_page] [com.stepdefinitions.Logging_PetStore.the_user_lands_on_the_Welcome_page(Logging_PetStore.java:52)] - Open the welcome page
2020-04-12 11:13:32.726 FATAL [main] [com.stepdefinitions.Logging_PetStore] [the_user_lands_on_the_Welcome_page] [com.stepdefinitions.Logging_PetStore.the_user_lands_on_the_Welcome_page(Logging_PetStore.java:55)] - DataDriven is done
2020-04-12 11:13:37.113 INFO [main] [com.stepdefinitions.Logging_PetStore] [the_user_launches_the_browser] [com.stepdefinitions.Logging_PetStore.the_user_launches_the_browser(Logging_PetStore.java:27)] - Launches the browser
2020-04-12 11:13:40.875 DEBUG [main] [com.stepdefinitions.Logging_PetStore] [the_user_open_PetStore_HomePage_using_the_link] [com.stepdefinitions.Logging_PetStore.the_user_open_PetStore_HomePage_using_the_link(Logging_PetStore.java:33)] - Opens the Home Page of the Petstore website
2020-04-12 11:13:41.184 WARN [main] [com.stepdefinitions.Logging_PetStore] [the_user_enters_valid_and] [com.stepdefinitions.Logging_PetStore.the_user_enters_valid_and(Logging_PetStore.java:39)] - Warns to login with different credentials
2020-04-12 11:13:41.616 DEBUG [main] [com.stepdefinitions.Logging_PetStore] [the_user_clicks_on_login_button] [com.stepdefinitions.Logging_PetStore.the_user_clicks_on_login_button(Logging_PetStore.java:46)] - Signin takes place
2020-04-12 11:13:43.023 INFO [main] [com.stepdefinitions.Logging_PetStore] [the_user_lands_on_the_Welcome_page] [com.stepdefinitions.Logging_PetStore.the_user_lands_on_the_Welcome_page(Logging_PetStore.java:52)] - Open the welcome page
2020-04-12 11:14:47.146 FATAL [main] [com.stepdefinitions.Logging_PetStore] [the_user_lands_on_the_Welcome_page] [com.stepdefinitions.Logging_PetStore.the_user_lands_on_the_Welcome_page(Logging_PetStore.java:55)] - DataDriven is done
2020-04-12 11:14:51.305 INFO [main] [com.stepdefinitions.Logging_PetStore] [the_user_launches_the_browser] [com.stepdefinitions.Logging_PetStore.the_user_launches_the_browser(Logging_PetStore.java:27)] - Launches the browser
2020-04-12 11:14:53.891 DEBUG [main] [com.stepdefinitions.Logging_PetStore] [the_user_open_PetStore_HomePage_using_the_link] [com.stepdefinitions.Logging_PetStore.the_user_open_PetStore_HomePage_using_the_link(Logging_PetStore.java:33)] - Opens the Home Page of the Petstore website
2020-04-12 11:14:54.243 WARN [main] [com.stepdefinitions.Logging_PetStore] [the_user_enters_valid_and] [com.stepdefinitions.Logging_PetStore.the_user_enters_valid_and(Logging_PetStore.java:39)] - Warns to login with different credentials
2020-04-12 11:14:54.634 DEBUG [main] [com.stepdefinitions.Logging_PetStore] [the_user_clicks_on_login_button] [com.stepdefinitions.Logging_PetStore.the_user_clicks_on_login_button(Logging_PetStore.java:46)] - Signin takes place
2020-04-12 11:14:56.181 INFO [main] [com.stepdefinitions.Logging_PetStore] [the_user_lands_on_the_Welcome_page] [com.stepdefinitions.Logging_PetStore.the_user_lands_on_the_Welcome_page(Logging_PetStore.java:52)] - Open the welcome page
2020-04-12 11:15:53.732 FATAL [main] [com.stepdefinitions.Logging_PetStore] [the_user_lands_on_the_Welcome_page] [com.stepdefinitions.Logging_PetStore.the_user_lands_on_the_Welcome_page(Logging_PetStore.java:55)] - DataDriven is done
2020-04-12 11:15:57.747 INFO [main] [com.stepdefinitions.Logging_PetStore] [the_user_launches_the_browser] [com.stepdefinitions.Logging_PetStore.the_user_launches_the_browser(Logging_PetStore.java:27)] - Launches the browser
2020-04-12 11:16:00.004 DEBUG [main] [com.stepdefinitions.Logging_PetStore] [the_user_open_PetStore_HomePage_using_the_link] [com.stepdefinitions.Logging_PetStore.the_user_open_PetStore_HomePage_using_the_link(Logging_PetStore.java:33)] - Opens the Home Page of the Petstore website
2020-04-12 11:16:00.329 WARN [main] [com.stepdefinitions.Logging_PetStore] [the_user_enters_valid_and] [com.stepdefinitions.Logging_PetStore.the_user_enters_valid_and(Logging_PetStore.java:39)] - Warns to login with different credentials
2020-04-12 11:16:01.052 DEBUG [main] [com.stepdefinitions.Logging_PetStore] [the_user_clicks_on_login_button] [com.stepdefinitions.Logging_PetStore.the_user_clicks_on_login_button(Logging_PetStore.java:46)] - Signin takes place
2020-04-12 11:16:02.435 INFO [main] [com.stepdefinitions.Logging_PetStore] [the_user_lands_on_the_Welcome_page] [com.stepdefinitions.Logging_PetStore.the_user_lands_on_the_Welcome_page(Logging_PetStore.java:52)] - Open the welcome page
2020-04-12 11:16:58.016 FATAL [main] [com.stepdefinitions.Logging_PetStore] [the_user_lands_on_the_Welcome_page] [com.stepdefinitions.Logging_PetStore.the_user_lands_on_the_Welcome_page(Logging_PetStore.java:55)] - DataDriven is done
2020-04-12 12:20:33.173 INFO [main] [com.stepdefinitions.Logging_PetStore] [the_user_launches_the_browser] [com.stepdefinitions.Logging_PetStore.the_user_launches_the_browser(Logging_PetStore.java:24)] - Launches the browser
2020-04-12 12:20:33.275 INFO [main] [com.stepdefinitions.Logging_PetStore] [the_user_launches_the_browser] [com.stepdefinitions.Logging_PetStore.the_user_launches_the_browser(Logging_PetStore.java:24)] - Launches the browser
2020-04-12 12:20:33.297 INFO [main] [com.stepdefinitions.Logging_PetStore] [the_user_launches_the_browser] [com.stepdefinitions.Logging_PetStore.the_user_launches_the_browser(Logging_PetStore.java:24)] - Launches the browser
2020-04-12 12:20:33.318 INFO [main] [com.stepdefinitions.Logging_PetStore] [the_user_launches_the_browser] [com.stepdefinitions.Logging_PetStore.the_user_launches_the_browser(Logging_PetStore.java:24)] - Launches the browser
2020-04-12 12:20:33.335 INFO [main] [com.stepdefinitions.Logging_PetStore] [the_user_launches_the_browser] [com.stepdefinitions.Logging_PetStore.the_user_launches_the_browser(Logging_PetStore.java:24)] - Launches the browser
2020-04-12 12:21:08.400 INFO [main] [com.stepdefinitions.Logging_PetStore] [the_user_launches_the_browser] [com.stepdefinitions.Logging_PetStore.the_user_launches_the_browser(Logging_PetStore.java:24)] - Launches the browser
2020-04-12 12:21:08.521 INFO [main] [com.stepdefinitions.Logging_PetStore] [the_user_launches_the_browser] [com.stepdefinitions.Logging_PetStore.the_user_launches_the_browser(Logging_PetStore.java:24)] - Launches the browser
2020-04-12 12:21:08.539 INFO [main] [com.stepdefinitions.Logging_PetStore] [the_user_launches_the_browser] [com.stepdefinitions.Logging_PetStore.the_user_launches_the_browser(Logging_PetStore.java:24)] - Launches the browser
2020-04-12 12:21:08.559 INFO [main] [com.stepdefinitions.Logging_PetStore] [the_user_launches_the_browser] [com.stepdefinitions.Logging_PetStore.the_user_launches_the_browser(Logging_PetStore.java:24)] - Launches the browser
2020-04-12 12:21:08.603 INFO [main] [com.stepdefinitions.Logging_PetStore] [the_user_launches_the_browser] [com.stepdefinitions.Logging_PetStore.the_user_launches_the_browser(Logging_PetStore.java:24)] - Launches the browser
2020-04-12 12:21:36.103 INFO [main] [com.stepdefinitions.Logging_PetStore] [the_user_launches_the_browser] [com.stepdefinitions.Logging_PetStore.the_user_launches_the_browser(Logging_PetStore.java:24)] - Launches the browser
2020-04-12 12:21:36.114 DEBUG [main] [com.stepdefinitions.Logging_PetStore] [the_user_open_PetStore_HomePage_using_the_link] [com.stepdefinitions.Logging_PetStore.the_user_open_PetStore_HomePage_using_the_link(Logging_PetStore.java:30)] - Opens the Home Page of the Petstore website
2020-04-12 12:21:36.161 INFO [main] [com.stepdefinitions.Logging_PetStore] [the_user_launches_the_browser] [com.stepdefinitions.Logging_PetStore.the_user_launches_the_browser(Logging_PetStore.java:24)] - Launches the browser
2020-04-12 12:21:36.162 DEBUG [main] [com.stepdefinitions.Logging_PetStore] [the_user_open_PetStore_HomePage_using_the_link] [com.stepdefinitions.Logging_PetStore.the_user_open_PetStore_HomePage_using_the_link(Logging_PetStore.java:30)] - Opens the Home Page of the Petstore website
2020-04-12 12:21:36.177 INFO [main] [com.stepdefinitions.Logging_PetStore] [the_user_launches_the_browser] [com.stepdefinitions.Logging_PetStore.the_user_launches_the_browser(Logging_PetStore.java:24)] - Launches the browser
2020-04-12 12:21:36.179 DEBUG [main] [com.stepdefinitions.Logging_PetStore] [the_user_open_PetStore_HomePage_using_the_link] [com.stepdefinitions.Logging_PetStore.the_user_open_PetStore_HomePage_using_the_link(Logging_PetStore.java:30)] - Opens the Home Page of the Petstore website
2020-04-12 12:21:36.193 INFO [main] [com.stepdefinitions.Logging_PetStore] [the_user_launches_the_browser] [com.stepdefinitions.Logging_PetStore.the_user_launches_the_browser(Logging_PetStore.java:24)] - Launches the browser
2020-04-12 12:21:36.194 DEBUG [main] [com.stepdefinitions.Logging_PetStore] [the_user_open_PetStore_HomePage_using_the_link] [com.stepdefinitions.Logging_PetStore.the_user_open_PetStore_HomePage_using_the_link(Logging_PetStore.java:30)] - Opens the Home Page of the Petstore website
2020-04-12 12:21:36.219 INFO [main] [com.stepdefinitions.Logging_PetStore] [the_user_launches_the_browser] [com.stepdefinitions.Logging_PetStore.the_user_launches_the_browser(Logging_PetStore.java:24)] - Launches the browser
2020-04-12 12:21:36.222 DEBUG [main] [com.stepdefinitions.Logging_PetStore] [the_user_open_PetStore_HomePage_using_the_link] [com.stepdefinitions.Logging_PetStore.the_user_open_PetStore_HomePage_using_the_link(Logging_PetStore.java:30)] - Opens the Home Page of the Petstore website
2020-04-12 12:22:00.271 INFO [main] [com.stepdefinitions.Logging_PetStore] [the_user_launches_the_browser] [com.stepdefinitions.Logging_PetStore.the_user_launches_the_browser(Logging_PetStore.java:24)] - Launches the browser
2020-04-12 12:22:00.285 DEBUG [main] [com.stepdefinitions.Logging_PetStore] [the_user_open_PetStore_HomePage_using_the_link] [com.stepdefinitions.Logging_PetStore.the_user_open_PetStore_HomePage_using_the_link(Logging_PetStore.java:30)] - Opens the Home Page of the Petstore website
2020-04-12 12:22:00.328 INFO [main] [com.stepdefinitions.Logging_PetStore] [the_user_launches_the_browser] [com.stepdefinitions.Logging_PetStore.the_user_launches_the_browser(Logging_PetStore.java:24)] - Launches the browser
2020-04-12 12:22:00.330 DEBUG [main] [com.stepdefinitions.Logging_PetStore] [the_user_open_PetStore_HomePage_using_the_link] [com.stepdefinitions.Logging_PetStore.the_user_open_PetStore_HomePage_using_the_link(Logging_PetStore.java:30)] - Opens the Home Page of the Petstore website
2020-04-12 12:22:00.351 INFO [main] [com.stepdefinitions.Logging_PetStore] [the_user_launches_the_browser] [com.stepdefinitions.Logging_PetStore.the_user_launches_the_browser(Logging_PetStore.java:24)] - Launches the browser
2020-04-12 12:22:00.354 DEBUG [main] [com.stepdefinitions.Logging_PetStore] [the_user_open_PetStore_HomePage_using_the_link] [com.stepdefinitions.Logging_PetStore.the_user_open_PetStore_HomePage_using_the_link(Logging_PetStore.java:30)] - Opens the Home Page of the Petstore website
2020-04-12 12:22:00.381 INFO [main] [com.stepdefinitions.Logging_PetStore] [the_user_launches_the_browser] [com.stepdefinitions.Logging_PetStore.the_user_launches_the_browser(Logging_PetStore.java:24)] - Launches the browser
2020-04-12 12:22:00.383 DEBUG [main] [com.stepdefinitions.Logging_PetStore] [the_user_open_PetStore_HomePage_using_the_link] [com.stepdefinitions.Logging_PetStore.the_user_open_PetStore_HomePage_using_the_link(Logging_PetStore.java:30)] - Opens the Home Page of the Petstore website
2020-04-12 12:22:00.397 INFO [main] [com.stepdefinitions.Logging_PetStore] [the_user_launches_the_browser] [com.stepdefinitions.Logging_PetStore.the_user_launches_the_browser(Logging_PetStore.java:24)] - Launches the browser
2020-04-12 12:22:00.398 DEBUG [main] [com.stepdefinitions.Logging_PetStore] [the_user_open_PetStore_HomePage_using_the_link] [com.stepdefinitions.Logging_PetStore.the_user_open_PetStore_HomePage_using_the_link(Logging_PetStore.java:30)] - Opens the Home Page of the Petstore website
2020-04-12 12:23:24.883 INFO [main] [com.stepdefinitions.Logging_PetStore] [the_user_launches_the_browser] [com.stepdefinitions.Logging_PetStore.the_user_launches_the_browser(Logging_PetStore.java:24)] - Launches the browser
2020-04-12 12:23:24.941 INFO [main] [com.stepdefinitions.Logging_PetStore] [the_user_launches_the_browser] [com.stepdefinitions.Logging_PetStore.the_user_launches_the_browser(Logging_PetStore.java:24)] - Launches the browser
2020-04-12 12:23:24.963 INFO [main] [com.stepdefinitions.Logging_PetStore] [the_user_launches_the_browser] [com.stepdefinitions.Logging_PetStore.the_user_launches_the_browser(Logging_PetStore.java:24)] - Launches the browser
2020-04-12 12:23:24.986 INFO [main] [com.stepdefinitions.Logging_PetStore] [the_user_launches_the_browser] [com.stepdefinitions.Logging_PetStore.the_user_launches_the_browser(Logging_PetStore.java:24)] - Launches the browser
2020-04-12 12:23:25.020 INFO [main] [com.stepdefinitions.Logging_PetStore] [the_user_launches_the_browser] [com.stepdefinitions.Logging_PetStore.the_user_launches_the_browser(Logging_PetStore.java:24)] - Launches the browser
2020-04-12 12:23:49.029 INFO [main] [com.stepdefinitions.Logging_PetStore] [the_user_launches_the_browser] [com.stepdefinitions.Logging_PetStore.the_user_launches_the_browser(Logging_PetStore.java:24)] - Launches the browser
2020-04-12 12:23:49.082 INFO [main] [com.stepdefinitions.Logging_PetStore] [the_user_launches_the_browser] [com.stepdefinitions.Logging_PetStore.the_user_launches_the_browser(Logging_PetStore.java:24)] - Launches the browser
2020-04-12 12:23:49.100 INFO [main] [com.stepdefinitions.Logging_PetStore] [the_user_launches_the_browser] [com.stepdefinitions.Logging_PetStore.the_user_launches_the_browser(Logging_PetStore.java:24)] - Launches the browser
2020-04-12 12:23:49.127 INFO [main] [com.stepdefinitions.Logging_PetStore] [the_user_launches_the_browser] [com.stepdefinitions.Logging_PetStore.the_user_launches_the_browser(Logging_PetStore.java:24)] - Launches the browser
2020-04-12 12:23:49.143 INFO [main] [com.stepdefinitions.Logging_PetStore] [the_user_launches_the_browser] [com.stepdefinitions.Logging_PetStore.the_user_launches_the_browser(Logging_PetStore.java:24)] - Launches the browser
2020-04-12 12:25:36.675 INFO [main] [com.stepdefinitions.Logging_PetStore] [the_user_launches_the_browser] [com.stepdefinitions.Logging_PetStore.the_user_launches_the_browser(Logging_PetStore.java:24)] - Launches the browser
2020-04-12 12:25:36.698 DEBUG [main] [com.stepdefinitions.Logging_PetStore] [the_user_open_PetStore_HomePage_using_the_link] [com.stepdefinitions.Logging_PetStore.the_user_open_PetStore_HomePage_using_the_link(Logging_PetStore.java:30)] - Opens the Home Page of the Petstore website
2020-04-12 12:25:36.765 INFO [main] [com.stepdefinitions.Logging_PetStore] [the_user_launches_the_browser] [com.stepdefinitions.Logging_PetStore.the_user_launches_the_browser(Logging_PetStore.java:24)] - Launches the browser
2020-04-12 12:25:36.767 DEBUG [main] [com.stepdefinitions.Logging_PetStore] [the_user_open_PetStore_HomePage_using_the_link] [com.stepdefinitions.Logging_PetStore.the_user_open_PetStore_HomePage_using_the_link(Logging_PetStore.java:30)] - Opens the Home Page of the Petstore website
2020-04-12 12:25:36.787 INFO [main] [com.stepdefinitions.Logging_PetStore] [the_user_launches_the_browser] [com.stepdefinitions.Logging_PetStore.the_user_launches_the_browser(Logging_PetStore.java:24)] - Launches the browser
2020-04-12 12:25:36.789 DEBUG [main] [com.stepdefinitions.Logging_PetStore] [the_user_open_PetStore_HomePage_using_the_link] [com.stepdefinitions.Logging_PetStore.the_user_open_PetStore_HomePage_using_the_link(Logging_PetStore.java:30)] - Opens the Home Page of the Petstore website
2020-04-12 12:25:36.809 INFO [main] [com.stepdefinitions.Logging_PetStore] [the_user_launches_the_browser] [com.stepdefinitions.Logging_PetStore.the_user_launches_the_browser(Logging_PetStore.java:24)] - Launches the browser
2020-04-12 12:25:36.811 DEBUG [main] [com.stepdefinitions.Logging_PetStore] [the_user_open_PetStore_HomePage_using_the_link] [com.stepdefinitions.Logging_PetStore.the_user_open_PetStore_HomePage_using_the_link(Logging_PetStore.java:30)] - Opens the Home Page of the Petstore website
2020-04-12 12:25:36.831 INFO [main] [com.stepdefinitions.Logging_PetStore] [the_user_launches_the_browser] [com.stepdefinitions.Logging_PetStore.the_user_launches_the_browser(Logging_PetStore.java:24)] - Launches the browser
2020-04-12 12:25:36.833 DEBUG [main] [com.stepdefinitions.Logging_PetStore] [the_user_open_PetStore_HomePage_using_the_link] [com.stepdefinitions.Logging_PetStore.the_user_open_PetStore_HomePage_using_the_link(Logging_PetStore.java:30)] - Opens the Home Page of the Petstore website
2020-04-12 13:08:15.093 INFO [main] [com.stepdefinitions.Logging_PetStore] [the_user_launches_the_browser] [com.stepdefinitions.Logging_PetStore.the_user_launches_the_browser(Logging_PetStore.java:24)] - Launches the browser
2020-04-12 13:08:15.425 INFO [main] [com.stepdefinitions.Logging_PetStore] [the_user_launches_the_browser] [com.stepdefinitions.Logging_PetStore.the_user_launches_the_browser(Logging_PetStore.java:24)] - Launches the browser
2020-04-12 13:08:15.441 INFO [main] [com.stepdefinitions.Logging_PetStore] [the_user_launches_the_browser] [com.stepdefinitions.Logging_PetStore.the_user_launches_the_browser(Logging_PetStore.java:24)] - Launches the browser
2020-04-12 13:08:15.460 INFO [main] [com.stepdefinitions.Logging_PetStore] [the_user_launches_the_browser] [com.stepdefinitions.Logging_PetStore.the_user_launches_the_browser(Logging_PetStore.java:24)] - Launches the browser
2020-04-12 13:08:15.477 INFO [main] [com.stepdefinitions.Logging_PetStore] [the_user_launches_the_browser] [com.stepdefinitions.Logging_PetStore.the_user_launches_the_browser(Logging_PetStore.java:24)] - Launches the browser
2020-04-12 13:31:24.713 INFO [main] [com.stepdefinitions.Logging_PetStore] [the_user_launches_the_browser] [com.stepdefinitions.Logging_PetStore.the_user_launches_the_browser(Logging_PetStore.java:26)] - Launches the browser
2020-04-12 13:31:35.965 DEBUG [main] [com.stepdefinitions.Logging_PetStore] [the_user_open_PetStore_HomePage_using_the_link] [com.stepdefinitions.Logging_PetStore.the_user_open_PetStore_HomePage_using_the_link(Logging_PetStore.java:33)] - Opens the Home Page of the Petstore website
2020-04-12 13:31:36.881 WARN [main] [com.stepdefinitions.Logging_PetStore] [the_user_enters_valid_and] [com.stepdefinitions.Logging_PetStore.the_user_enters_valid_and(Logging_PetStore.java:40)] - Warns to login with different credentials
2020-04-12 13:31:38.332 DEBUG [main] [com.stepdefinitions.Logging_PetStore] [the_user_clicks_on_login_button] [com.stepdefinitions.Logging_PetStore.the_user_clicks_on_login_button(Logging_PetStore.java:48)] - Signin takes place
2020-04-12 13:31:50.365 INFO [main] [com.stepdefinitions.Logging_PetStore] [the_user_lands_on_the_Welcome_page] [com.stepdefinitions.Logging_PetStore.the_user_lands_on_the_Welcome_page(Logging_PetStore.java:55)] - Open the welcome page
2020-04-12 13:32:11.662 INFO [main] [com.stepdefinitions.Logging_PetStore] [the_user_launches_the_browser] [com.stepdefinitions.Logging_PetStore.the_user_launches_the_browser(Logging_PetStore.java:26)] - Launches the browser
2020-04-12 13:32:20.161 DEBUG [main] [com.stepdefinitions.Logging_PetStore] [the_user_open_PetStore_HomePage_using_the_link] [com.stepdefinitions.Logging_PetStore.the_user_open_PetStore_HomePage_using_the_link(Logging_PetStore.java:33)] - Opens the Home Page of the Petstore website
2020-04-12 13:32:20.644 WARN [main] [com.stepdefinitions.Logging_PetStore] [the_user_enters_valid_and] [com.stepdefinitions.Logging_PetStore.the_user_enters_valid_and(Logging_PetStore.java:40)] - Warns to login with different credentials
2020-04-12 13:32:21.068 DEBUG [main] [com.stepdefinitions.Logging_PetStore] [the_user_clicks_on_login_button] [com.stepdefinitions.Logging_PetStore.the_user_clicks_on_login_button(Logging_PetStore.java:48)] - Signin takes place
2020-04-12 13:32:32.946 INFO [main] [com.stepdefinitions.Logging_PetStore] [the_user_lands_on_the_Welcome_page] [com.stepdefinitions.Logging_PetStore.the_user_lands_on_the_Welcome_page(Logging_PetStore.java:55)] - Open the welcome page
2020-04-12 13:32:44.697 INFO [main] [com.stepdefinitions.Logging_PetStore] [the_user_launches_the_browser] [com.stepdefinitions.Logging_PetStore.the_user_launches_the_browser(Logging_PetStore.java:26)] - Launches the browser
2020-04-12 13:32:58.887 DEBUG [main] [com.stepdefinitions.Logging_PetStore] [the_user_open_PetStore_HomePage_using_the_link] [com.stepdefinitions.Logging_PetStore.the_user_open_PetStore_HomePage_using_the_link(Logging_PetStore.java:33)] - Opens the Home Page of the Petstore website
2020-04-12 13:32:59.167 WARN [main] [com.stepdefinitions.Logging_PetStore] [the_user_enters_valid_and] [com.stepdefinitions.Logging_PetStore.the_user_enters_valid_and(Logging_PetStore.java:40)] - Warns to login with different credentials
2020-04-12 13:32:59.569 DEBUG [main] [com.stepdefinitions.Logging_PetStore] [the_user_clicks_on_login_button] [com.stepdefinitions.Logging_PetStore.the_user_clicks_on_login_button(Logging_PetStore.java:48)] - Signin takes place
2020-04-12 13:33:20.445 INFO [main] [com.stepdefinitions.Logging_PetStore] [the_user_lands_on_the_Welcome_page] [com.stepdefinitions.Logging_PetStore.the_user_lands_on_the_Welcome_page(Logging_PetStore.java:55)] - Open the welcome page
2020-04-12 13:33:34.632 INFO [main] [com.stepdefinitions.Logging_PetStore] [the_user_launches_the_browser] [com.stepdefinitions.Logging_PetStore.the_user_launches_the_browser(Logging_PetStore.java:26)] - Launches the browser
2020-04-12 13:33:38.998 DEBUG [main] [com.stepdefinitions.Logging_PetStore] [the_user_open_PetStore_HomePage_using_the_link] [com.stepdefinitions.Logging_PetStore.the_user_open_PetStore_HomePage_using_the_link(Logging_PetStore.java:33)] - Opens the Home Page of the Petstore website
2020-04-12 13:33:39.355 WARN [main] [com.stepdefinitions.Logging_PetStore] [the_user_enters_valid_and] [com.stepdefinitions.Logging_PetStore.the_user_enters_valid_and(Logging_PetStore.java:40)] - Warns to login with different credentials
2020-04-12 13:33:39.882 DEBUG [main] [com.stepdefinitions.Logging_PetStore] [the_user_clicks_on_login_button] [com.stepdefinitions.Logging_PetStore.the_user_clicks_on_login_button(Logging_PetStore.java:48)] - Signin takes place
2020-04-12 13:33:42.920 INFO [main] [com.stepdefinitions.Logging_PetStore] [the_user_lands_on_the_Welcome_page] [com.stepdefinitions.Logging_PetStore.the_user_lands_on_the_Welcome_page(Logging_PetStore.java:55)] - Open the welcome page
2020-04-12 13:33:57.951 INFO [main] [com.stepdefinitions.Logging_PetStore] [the_user_launches_the_browser] [com.stepdefinitions.Logging_PetStore.the_user_launches_the_browser(Logging_PetStore.java:26)] - Launches the browser
2020-04-12 13:36:59.922 INFO [main] [com.stepdefinitions.Logging_PetStore] [the_user_launches_the_browser] [com.stepdefinitions.Logging_PetStore.the_user_launches_the_browser(Logging_PetStore.java:26)] - Launches the browser
2020-04-12 13:37:04.738 DEBUG [main] [com.stepdefinitions.Logging_PetStore] [the_user_open_PetStore_HomePage_using_the_link] [com.stepdefinitions.Logging_PetStore.the_user_open_PetStore_HomePage_using_the_link(Logging_PetStore.java:33)] - Opens the Home Page of the Petstore website
2020-04-12 13:37:05.010 WARN [main] [com.stepdefinitions.Logging_PetStore] [the_user_enters_valid_and] [com.stepdefinitions.Logging_PetStore.the_user_enters_valid_and(Logging_PetStore.java:40)] - Warns to login with different credentials
2020-04-12 13:37:05.736 DEBUG [main] [com.stepdefinitions.Logging_PetStore] [the_user_clicks_on_login_button] [com.stepdefinitions.Logging_PetStore.the_user_clicks_on_login_button(Logging_PetStore.java:48)] - Signin takes place
2020-04-12 13:37:09.438 INFO [main] [com.stepdefinitions.Logging_PetStore] [the_user_lands_on_the_Welcome_page] [com.stepdefinitions.Logging_PetStore.the_user_lands_on_the_Welcome_page(Logging_PetStore.java:55)] - Open the welcome page
2020-04-12 13:37:26.064 INFO [main] [com.stepdefinitions.Logging_PetStore] [the_user_launches_the_browser] [com.stepdefinitions.Logging_PetStore.the_user_launches_the_browser(Logging_PetStore.java:26)] - Launches the browser
2020-04-12 13:37:34.150 DEBUG [main] [com.stepdefinitions.Logging_PetStore] [the_user_open_PetStore_HomePage_using_the_link] [com.stepdefinitions.Logging_PetStore.the_user_open_PetStore_HomePage_using_the_link(Logging_PetStore.java:33)] - Opens the Home Page of the Petstore website
2020-04-12 13:37:36.835 WARN [main] [com.stepdefinitions.Logging_PetStore] [the_user_enters_valid_and] [com.stepdefinitions.Logging_PetStore.the_user_enters_valid_and(Logging_PetStore.java:40)] - Warns to login with different credentials
2020-04-12 13:37:37.878 DEBUG [main] [com.stepdefinitions.Logging_PetStore] [the_user_clicks_on_login_button] [com.stepdefinitions.Logging_PetStore.the_user_clicks_on_login_button(Logging_PetStore.java:48)] - Signin takes place
2020-04-12 13:37:39.938 INFO [main] [com.stepdefinitions.Logging_PetStore] [the_user_lands_on_the_Welcome_page] [com.stepdefinitions.Logging_PetStore.the_user_lands_on_the_Welcome_page(Logging_PetStore.java:55)] - Open the welcome page
2020-04-12 13:37:55.559 INFO [main] [com.stepdefinitions.Logging_PetStore] [the_user_launches_the_browser] [com.stepdefinitions.Logging_PetStore.the_user_launches_the_browser(Logging_PetStore.java:26)] - Launches the browser
2020-04-12 13:38:01.772 DEBUG [main] [com.stepdefinitions.Logging_PetStore] [the_user_open_PetStore_HomePage_using_the_link] [com.stepdefinitions.Logging_PetStore.the_user_open_PetStore_HomePage_using_the_link(Logging_PetStore.java:33)] - Opens the Home Page of the Petstore website
2020-04-12 13:38:05.851 WARN [main] [com.stepdefinitions.Logging_PetStore] [the_user_enters_valid_and] [com.stepdefinitions.Logging_PetStore.the_user_enters_valid_and(Logging_PetStore.java:40)] - Warns to login with different credentials
2020-04-12 13:38:07.826 DEBUG [main] [com.stepdefinitions.Logging_PetStore] [the_user_clicks_on_login_button] [com.stepdefinitions.Logging_PetStore.the_user_clicks_on_login_button(Logging_PetStore.java:48)] - Signin takes place
2020-04-12 13:38:28.133 INFO [main] [com.stepdefinitions.Logging_PetStore] [the_user_lands_on_the_Welcome_page] [com.stepdefinitions.Logging_PetStore.the_user_lands_on_the_Welcome_page(Logging_PetStore.java:55)] - Open the welcome page
2020-04-12 13:38:52.859 INFO [main] [com.stepdefinitions.Logging_PetStore] [the_user_launches_the_browser] [com.stepdefinitions.Logging_PetStore.the_user_launches_the_browser(Logging_PetStore.java:26)] - Launches the browser
2020-04-12 13:39:13.379 DEBUG [main] [com.stepdefinitions.Logging_PetStore] [the_user_open_PetStore_HomePage_using_the_link] [com.stepdefinitions.Logging_PetStore.the_user_open_PetStore_HomePage_using_the_link(Logging_PetStore.java:33)] - Opens the Home Page of the Petstore website
2020-04-12 13:39:13.663 WARN [main] [com.stepdefinitions.Logging_PetStore] [the_user_enters_valid_and] [com.stepdefinitions.Logging_PetStore.the_user_enters_valid_and(Logging_PetStore.java:40)] - Warns to login with different credentials
2020-04-12 13:39:15.706 DEBUG [main] [com.stepdefinitions.Logging_PetStore] [the_user_clicks_on_login_button] [com.stepdefinitions.Logging_PetStore.the_user_clicks_on_login_button(Logging_PetStore.java:48)] - Signin takes place
2020-04-12 13:40:00.804 INFO [main] [com.stepdefinitions.Logging_PetStore] [the_user_lands_on_the_Welcome_page] [com.stepdefinitions.Logging_PetStore.the_user_lands_on_the_Welcome_page(Logging_PetStore.java:55)] - Open the welcome page
2020-04-12 13:41:10.300 INFO [main] [com.stepdefinitions.Logging_PetStore] [the_user_launches_the_browser] [com.stepdefinitions.Logging_PetStore.the_user_launches_the_browser(Logging_PetStore.java:26)] - Launches the browser
2020-04-12 13:41:16.738 DEBUG [main] [com.stepdefinitions.Logging_PetStore] [the_user_open_PetStore_HomePage_using_the_link] [com.stepdefinitions.Logging_PetStore.the_user_open_PetStore_HomePage_using_the_link(Logging_PetStore.java:33)] - Opens the Home Page of the Petstore website
2020-04-12 13:41:17.014 WARN [main] [com.stepdefinitions.Logging_PetStore] [the_user_enters_valid_and] [com.stepdefinitions.Logging_PetStore.the_user_enters_valid_and(Logging_PetStore.java:40)] - Warns to login with different credentials
2020-04-12 13:41:18.293 DEBUG [main] [com.stepdefinitions.Logging_PetStore] [the_user_clicks_on_login_button] [com.stepdefinitions.Logging_PetStore.the_user_clicks_on_login_button(Logging_PetStore.java:48)] - Signin takes place
2020-04-12 13:42:17.204 INFO [main] [com.stepdefinitions.Logging_PetStore] [the_user_lands_on_the_Welcome_page] [com.stepdefinitions.Logging_PetStore.the_user_lands_on_the_Welcome_page(Logging_PetStore.java:55)] - Open the welcome page
2020-04-12 13:45:04.599 INFO [main] [com.stepdefinitions.Logging_PetStore] [the_user_launches_the_browser] [com.stepdefinitions.Logging_PetStore.the_user_launches_the_browser(Logging_PetStore.java:26)] - Launches the browser
2020-04-12 13:45:05.131 DEBUG [main] [com.stepdefinitions.Logging_PetStore] [the_user_open_PetStore_HomePage_using_the_link] [com.stepdefinitions.Logging_PetStore.the_user_open_PetStore_HomePage_using_the_link(Logging_PetStore.java:33)] - Opens the Home Page of the Petstore website
2020-04-12 13:45:05.483 WARN [main] [com.stepdefinitions.Logging_PetStore] [the_user_enters_valid_and] [com.stepdefinitions.Logging_PetStore.the_user_enters_valid_and(Logging_PetStore.java:40)] - Warns to login with different credentials
2020-04-12 13:45:05.879 DEBUG [main] [com.stepdefinitions.Logging_PetStore] [the_user_clicks_on_login_button] [com.stepdefinitions.Logging_PetStore.the_user_clicks_on_login_button(Logging_PetStore.java:48)] - Signin takes place
2020-04-12 13:45:07.505 INFO [main] [com.stepdefinitions.Logging_PetStore] [the_user_lands_on_the_Welcome_page] [com.stepdefinitions.Logging_PetStore.the_user_lands_on_the_Welcome_page(Logging_PetStore.java:55)] - Open the welcome page
2020-04-12 13:45:13.418 INFO [main] [com.stepdefinitions.Logging_PetStore] [the_user_launches_the_browser] [com.stepdefinitions.Logging_PetStore.the_user_launches_the_browser(Logging_PetStore.java:26)] - Launches the browser
2020-04-12 13:45:13.875 DEBUG [main] [com.stepdefinitions.Logging_PetStore] [the_user_open_PetStore_HomePage_using_the_link] [com.stepdefinitions.Logging_PetStore.the_user_open_PetStore_HomePage_using_the_link(Logging_PetStore.java:33)] - Opens the Home Page of the Petstore website
2020-04-12 13:45:14.180 WARN [main] [com.stepdefinitions.Logging_PetStore] [the_user_enters_valid_and] [com.stepdefinitions.Logging_PetStore.the_user_enters_valid_and(Logging_PetStore.java:40)] - Warns to login with different credentials
2020-04-12 13:45:15.020 DEBUG [main] [com.stepdefinitions.Logging_PetStore] [the_user_clicks_on_login_button] [com.stepdefinitions.Logging_PetStore.the_user_clicks_on_login_button(Logging_PetStore.java:48)] - Signin takes place
2020-04-12 13:45:16.328 INFO [main] [com.stepdefinitions.Logging_PetStore] [the_user_lands_on_the_Welcome_page] [com.stepdefinitions.Logging_PetStore.the_user_lands_on_the_Welcome_page(Logging_PetStore.java:55)] - Open the welcome page
2020-04-12 13:45:21.828 INFO [main] [com.stepdefinitions.Logging_PetStore] [the_user_launches_the_browser] [com.stepdefinitions.Logging_PetStore.the_user_launches_the_browser(Logging_PetStore.java:26)] - Launches the browser
2020-04-12 13:45:22.321 DEBUG [main] [com.stepdefinitions.Logging_PetStore] [the_user_open_PetStore_HomePage_using_the_link] [com.stepdefinitions.Logging_PetStore.the_user_open_PetStore_HomePage_using_the_link(Logging_PetStore.java:33)] - Opens the Home Page of the Petstore website
2020-04-12 13:45:22.669 WARN [main] [com.stepdefinitions.Logging_PetStore] [the_user_enters_valid_and] [com.stepdefinitions.Logging_PetStore.the_user_enters_valid_and(Logging_PetStore.java:40)] - Warns to login with different credentials
2020-04-12 13:45:23.392 DEBUG [main] [com.stepdefinitions.Logging_PetStore] [the_user_clicks_on_login_button] [com.stepdefinitions.Logging_PetStore.the_user_clicks_on_login_button(Logging_PetStore.java:48)] - Signin takes place
2020-04-12 13:45:24.934 INFO [main] [com.stepdefinitions.Logging_PetStore] [the_user_lands_on_the_Welcome_page] [com.stepdefinitions.Logging_PetStore.the_user_lands_on_the_Welcome_page(Logging_PetStore.java:55)] - Open the welcome page
2020-04-12 13:45:30.915 INFO [main] [com.stepdefinitions.Logging_PetStore] [the_user_launches_the_browser] [com.stepdefinitions.Logging_PetStore.the_user_launches_the_browser(Logging_PetStore.java:26)] - Launches the browser
2020-04-12 13:45:31.400 DEBUG [main] [com.stepdefinitions.Logging_PetStore] [the_user_open_PetStore_HomePage_using_the_link] [com.stepdefinitions.Logging_PetStore.the_user_open_PetStore_HomePage_using_the_link(Logging_PetStore.java:33)] - Opens the Home Page of the Petstore website
2020-04-12 13:45:31.715 WARN [main] [com.stepdefinitions.Logging_PetStore] [the_user_enters_valid_and] [com.stepdefinitions.Logging_PetStore.the_user_enters_valid_and(Logging_PetStore.java:40)] - Warns to login with different credentials
2020-04-12 13:45:32.109 DEBUG [main] [com.stepdefinitions.Logging_PetStore] [the_user_clicks_on_login_button] [com.stepdefinitions.Logging_PetStore.the_user_clicks_on_login_button(Logging_PetStore.java:48)] - Signin takes place
2020-04-12 13:45:33.628 INFO [main] [com.stepdefinitions.Logging_PetStore] [the_user_lands_on_the_Welcome_page] [com.stepdefinitions.Logging_PetStore.the_user_lands_on_the_Welcome_page(Logging_PetStore.java:55)] - Open the welcome page
2020-04-12 13:45:39.959 INFO [main] [com.stepdefinitions.Logging_PetStore] [the_user_launches_the_browser] [com.stepdefinitions.Logging_PetStore.the_user_launches_the_browser(Logging_PetStore.java:26)] - Launches the browser
2020-04-12 13:45:40.528 DEBUG [main] [com.stepdefinitions.Logging_PetStore] [the_user_open_PetStore_HomePage_using_the_link] [com.stepdefinitions.Logging_PetStore.the_user_open_PetStore_HomePage_using_the_link(Logging_PetStore.java:33)] - Opens the Home Page of the Petstore website
2020-04-12 13:45:40.837 WARN [main] [com.stepdefinitions.Logging_PetStore] [the_user_enters_valid_and] [com.stepdefinitions.Logging_PetStore.the_user_enters_valid_and(Logging_PetStore.java:40)] - Warns to login with different credentials
2020-04-12 13:45:41.197 DEBUG [main] [com.stepdefinitions.Logging_PetStore] [the_user_clicks_on_login_button] [com.stepdefinitions.Logging_PetStore.the_user_clicks_on_login_button(Logging_PetStore.java:48)] - Signin takes place
2020-04-12 13:45:42.588 INFO [main] [com.stepdefinitions.Logging_PetStore] [the_user_lands_on_the_Welcome_page] [com.stepdefinitions.Logging_PetStore.the_user_lands_on_the_Welcome_page(Logging_PetStore.java:55)] - Open the welcome page
2020-04-12 15:26:31.643 INFO [main] [com.stepdefinitions.Logging_PetStore] [the_user_launches_the_browser] [com.stepdefinitions.Logging_PetStore.the_user_launches_the_browser(Logging_PetStore.java:30)] - Launches the browser
2020-04-12 15:26:33.507 DEBUG [main] [com.stepdefinitions.Logging_PetStore] [the_user_open_PetStore_HomePage_using_the_link] [com.stepdefinitions.Logging_PetStore.the_user_open_PetStore_HomePage_using_the_link(Logging_PetStore.java:37)] - Opens the Home Page of the Petstore website
2020-04-12 15:26:33.893 WARN [main] [com.stepdefinitions.Logging_PetStore] [the_user_enters_valid_and] [com.stepdefinitions.Logging_PetStore.the_user_enters_valid_and(Logging_PetStore.java:44)] - Warns to login with different credentials
2020-04-12 15:26:34.272 DEBUG [main] [com.stepdefinitions.Logging_PetStore] [the_user_clicks_on_login_button] [com.stepdefinitions.Logging_PetStore.the_user_clicks_on_login_button(Logging_PetStore.java:52)] - Signin takes place
2020-04-12 15:26:55.389 INFO [main] [com.stepdefinitions.Logging_PetStore] [the_user_launches_the_browser] [com.stepdefinitions.Logging_PetStore.the_user_launches_the_browser(Logging_PetStore.java:30)] - Launches the browser
2020-04-12 15:26:56.148 DEBUG [main] [com.stepdefinitions.Logging_PetStore] [the_user_open_PetStore_HomePage_using_the_link] [com.stepdefinitions.Logging_PetStore.the_user_open_PetStore_HomePage_using_the_link(Logging_PetStore.java:37)] - Opens the Home Page of the Petstore website
2020-04-12 15:26:56.555 WARN [main] [com.stepdefinitions.Logging_PetStore] [the_user_enters_valid_and] [com.stepdefinitions.Logging_PetStore.the_user_enters_valid_and(Logging_PetStore.java:44)] - Warns to login with different credentials
2020-04-12 15:26:56.972 DEBUG [main] [com.stepdefinitions.Logging_PetStore] [the_user_clicks_on_login_button] [com.stepdefinitions.Logging_PetStore.the_user_clicks_on_login_button(Logging_PetStore.java:52)] - Signin takes place
2020-04-12 15:27:15.131 INFO [main] [com.stepdefinitions.Logging_PetStore] [the_user_launches_the_browser] [com.stepdefinitions.Logging_PetStore.the_user_launches_the_browser(Logging_PetStore.java:30)] - Launches the browser
2020-04-12 15:27:16.616 DEBUG [main] [com.stepdefinitions.Logging_PetStore] [the_user_open_PetStore_HomePage_using_the_link] [com.stepdefinitions.Logging_PetStore.the_user_open_PetStore_HomePage_using_the_link(Logging_PetStore.java:37)] - Opens the Home Page of the Petstore website
2020-04-12 15:27:16.906 WARN [main] [com.stepdefinitions.Logging_PetStore] [the_user_enters_valid_and] [com.stepdefinitions.Logging_PetStore.the_user_enters_valid_and(Logging_PetStore.java:44)] - Warns to login with different credentials
2020-04-12 15:27:17.262 DEBUG [main] [com.stepdefinitions.Logging_PetStore] [the_user_clicks_on_login_button] [com.stepdefinitions.Logging_PetStore.the_user_clicks_on_login_button(Logging_PetStore.java:52)] - Signin takes place
2020-04-12 15:27:37.413 INFO [main] [com.stepdefinitions.Logging_PetStore] [the_user_launches_the_browser] [com.stepdefinitions.Logging_PetStore.the_user_launches_the_browser(Logging_PetStore.java:30)] - Launches the browser
2020-04-12 15:27:38.629 DEBUG [main] [com.stepdefinitions.Logging_PetStore] [the_user_open_PetStore_HomePage_using_the_link] [com.stepdefinitions.Logging_PetStore.the_user_open_PetStore_HomePage_using_the_link(Logging_PetStore.java:37)] - Opens the Home Page of the Petstore website
2020-04-12 15:27:38.918 WARN [main] [com.stepdefinitions.Logging_PetStore] [the_user_enters_valid_and] [com.stepdefinitions.Logging_PetStore.the_user_enters_valid_and(Logging_PetStore.java:44)] - Warns to login with different credentials
2020-04-12 15:27:39.650 DEBUG [main] [com.stepdefinitions.Logging_PetStore] [the_user_clicks_on_login_button] [com.stepdefinitions.Logging_PetStore.the_user_clicks_on_login_button(Logging_PetStore.java:52)] - Signin takes place
2020-04-12 15:28:07.402 INFO [main] [com.stepdefinitions.Logging_PetStore] [the_user_launches_the_browser] [com.stepdefinitions.Logging_PetStore.the_user_launches_the_browser(Logging_PetStore.java:30)] - Launches the browser
2020-04-12 15:28:09.068 DEBUG [main] [com.stepdefinitions.Logging_PetStore] [the_user_open_PetStore_HomePage_using_the_link] [com.stepdefinitions.Logging_PetStore.the_user_open_PetStore_HomePage_using_the_link(Logging_PetStore.java:37)] - Opens the Home Page of the Petstore website
2020-04-12 15:28:09.365 WARN [main] [com.stepdefinitions.Logging_PetStore] [the_user_enters_valid_and] [com.stepdefinitions.Logging_PetStore.the_user_enters_valid_and(Logging_PetStore.java:44)] - Warns to login with different credentials
2020-04-12 15:28:09.770 DEBUG [main] [com.stepdefinitions.Logging_PetStore] [the_user_clicks_on_login_button] [com.stepdefinitions.Logging_PetStore.the_user_clicks_on_login_button(Logging_PetStore.java:52)] - Signin takes place
2020-04-12 15:35:35.436 INFO [main] [com.stepdefinitions.Logging_PetStore] [the_user_launches_the_browser] [com.stepdefinitions.Logging_PetStore.the_user_launches_the_browser(Logging_PetStore.java:30)] - Launches the browser
2020-04-12 15:35:36.169 DEBUG [main] [com.stepdefinitions.Logging_PetStore] [the_user_open_PetStore_HomePage_using_the_link] [com.stepdefinitions.Logging_PetStore.the_user_open_PetStore_HomePage_using_the_link(Logging_PetStore.java:37)] - Opens the Home Page of the Petstore website
2020-04-12 15:35:36.584 WARN [main] [com.stepdefinitions.Logging_PetStore] [the_user_enters_valid_and] [com.stepdefinitions.Logging_PetStore.the_user_enters_valid_and(Logging_PetStore.java:44)] - Warns to login with different credentials
2020-04-12 15:35:37.039 DEBUG [main] [com.stepdefinitions.Logging_PetStore] [the_user_clicks_on_login_button] [com.stepdefinitions.Logging_PetStore.the_user_clicks_on_login_button(Logging_PetStore.java:52)] - Signin takes place
2020-04-12 15:35:57.560 INFO [main] [com.stepdefinitions.Logging_PetStore] [the_user_launches_the_browser] [com.stepdefinitions.Logging_PetStore.the_user_launches_the_browser(Logging_PetStore.java:30)] - Launches the browser
2020-04-12 15:35:58.410 DEBUG [main] [com.stepdefinitions.Logging_PetStore] [the_user_open_PetStore_HomePage_using_the_link] [com.stepdefinitions.Logging_PetStore.the_user_open_PetStore_HomePage_using_the_link(Logging_PetStore.java:37)] - Opens the Home Page of the Petstore website
2020-04-12 15:35:59.089 WARN [main] [com.stepdefinitions.Logging_PetStore] [the_user_enters_valid_and] [com.stepdefinitions.Logging_PetStore.the_user_enters_valid_and(Logging_PetStore.java:44)] - Warns to login with different credentials
2020-04-12 15:35:59.649 DEBUG [main] [com.stepdefinitions.Logging_PetStore] [the_user_clicks_on_login_button] [com.stepdefinitions.Logging_PetStore.the_user_clicks_on_login_button(Logging_PetStore.java:52)] - Signin takes place
2020-04-12 15:36:24.819 INFO [main] [com.stepdefinitions.Logging_PetStore] [the_user_launches_the_browser] [com.stepdefinitions.Logging_PetStore.the_user_launches_the_browser(Logging_PetStore.java:30)] - Launches the browser
2020-04-12 15:36:28.470 DEBUG [main] [com.stepdefinitions.Logging_PetStore] [the_user_open_PetStore_HomePage_using_the_link] [com.stepdefinitions.Logging_PetStore.the_user_open_PetStore_HomePage_using_the_link(Logging_PetStore.java:37)] - Opens the Home Page of the Petstore website
2020-04-12 15:36:29.075 WARN [main] [com.stepdefinitions.Logging_PetStore] [the_user_enters_valid_and] [com.stepdefinitions.Logging_PetStore.the_user_enters_valid_and(Logging_PetStore.java:44)] - Warns to login with different credentials
2020-04-12 15:36:31.750 DEBUG [main] [com.stepdefinitions.Logging_PetStore] [the_user_clicks_on_login_button] [com.stepdefinitions.Logging_PetStore.the_user_clicks_on_login_button(Logging_PetStore.java:52)] - Signin takes place
2020-04-12 15:36:51.467 INFO [main] [com.stepdefinitions.Logging_PetStore] [the_user_launches_the_browser] [com.stepdefinitions.Logging_PetStore.the_user_launches_the_browser(Logging_PetStore.java:30)] - Launches the browser
2020-04-12 15:36:52.472 DEBUG [main] [com.stepdefinitions.Logging_PetStore] [the_user_open_PetStore_HomePage_using_the_link] [com.stepdefinitions.Logging_PetStore.the_user_open_PetStore_HomePage_using_the_link(Logging_PetStore.java:37)] - Opens the Home Page of the Petstore website
2020-04-12 15:36:52.783 WARN [main] [com.stepdefinitions.Logging_PetStore] [the_user_enters_valid_and] [com.stepdefinitions.Logging_PetStore.the_user_enters_valid_and(Logging_PetStore.java:44)] - Warns to login with different credentials
2020-04-12 15:36:53.195 DEBUG [main] [com.stepdefinitions.Logging_PetStore] [the_user_clicks_on_login_button] [com.stepdefinitions.Logging_PetStore.the_user_clicks_on_login_button(Logging_PetStore.java:52)] - Signin takes place
2020-04-12 15:37:08.999 INFO [main] [com.stepdefinitions.Logging_PetStore] [the_user_launches_the_browser] [com.stepdefinitions.Logging_PetStore.the_user_launches_the_browser(Logging_PetStore.java:30)] - Launches the browser
2020-04-12 15:37:11.655 DEBUG [main] [com.stepdefinitions.Logging_PetStore] [the_user_open_PetStore_HomePage_using_the_link] [com.stepdefinitions.Logging_PetStore.the_user_open_PetStore_HomePage_using_the_link(Logging_PetStore.java:37)] - Opens the Home Page of the Petstore website
2020-04-12 15:37:11.987 WARN [main] [com.stepdefinitions.Logging_PetStore] [the_user_enters_valid_and] [com.stepdefinitions.Logging_PetStore.the_user_enters_valid_and(Logging_PetStore.java:44)] - Warns to login with different credentials
2020-04-12 15:37:12.677 DEBUG [main] [com.stepdefinitions.Logging_PetStore] [the_user_clicks_on_login_button] [com.stepdefinitions.Logging_PetStore.the_user_clicks_on_login_button(Logging_PetStore.java:52)] - Signin takes place
2020-04-12 15:40:13.630 INFO [main] [com.stepdefinitions.Logging_PetStore] [the_user_launches_the_browser] [com.stepdefinitions.Logging_PetStore.the_user_launches_the_browser(Logging_PetStore.java:30)] - Launches the browser
2020-04-12 15:40:14.255 DEBUG [main] [com.stepdefinitions.Logging_PetStore] [the_user_open_PetStore_HomePage_using_the_link] [com.stepdefinitions.Logging_PetStore.the_user_open_PetStore_HomePage_using_the_link(Logging_PetStore.java:37)] - Opens the Home Page of the Petstore website
2020-04-12 15:40:14.569 WARN [main] [com.stepdefinitions.Logging_PetStore] [the_user_enters_valid_and] [com.stepdefinitions.Logging_PetStore.the_user_enters_valid_and(Logging_PetStore.java:44)] - Warns to login with different credentials
2020-04-12 15:40:15.501 DEBUG [main] [com.stepdefinitions.Logging_PetStore] [the_user_clicks_on_login_button] [com.stepdefinitions.Logging_PetStore.the_user_clicks_on_login_button(Logging_PetStore.java:52)] - Signin takes place
2020-04-12 15:40:31.461 INFO [main] [com.stepdefinitions.Logging_PetStore] [the_user_launches_the_browser] [com.stepdefinitions.Logging_PetStore.the_user_launches_the_browser(Logging_PetStore.java:30)] - Launches the browser
2020-04-12 15:40:35.944 DEBUG [main] [com.stepdefinitions.Logging_PetStore] [the_user_open_PetStore_HomePage_using_the_link] [com.stepdefinitions.Logging_PetStore.the_user_open_PetStore_HomePage_using_the_link(Logging_PetStore.java:37)] - Opens the Home Page of the Petstore website
2020-04-12 15:40:36.268 WARN [main] [com.stepdefinitions.Logging_PetStore] [the_user_enters_valid_and] [com.stepdefinitions.Logging_PetStore.the_user_enters_valid_and(Logging_PetStore.java:44)] - Warns to login with different credentials
2020-04-12 15:40:36.854 DEBUG [main] [com.stepdefinitions.Logging_PetStore] [the_user_clicks_on_login_button] [com.stepdefinitions.Logging_PetStore.the_user_clicks_on_login_button(Logging_PetStore.java:52)] - Signin takes place
2020-04-12 15:40:52.711 INFO [main] [com.stepdefinitions.Logging_PetStore] [the_user_launches_the_browser] [com.stepdefinitions.Logging_PetStore.the_user_launches_the_browser(Logging_PetStore.java:30)] - Launches the browser
2020-04-12 15:40:56.966 DEBUG [main] [com.stepdefinitions.Logging_PetStore] [the_user_open_PetStore_HomePage_using_the_link] [com.stepdefinitions.Logging_PetStore.the_user_open_PetStore_HomePage_using_the_link(Logging_PetStore.java:37)] - Opens the Home Page of the Petstore website
2020-04-12 15:40:57.278 WARN [main] [com.stepdefinitions.Logging_PetStore] [the_user_enters_valid_and] [com.stepdefinitions.Logging_PetStore.the_user_enters_valid_and(Logging_PetStore.java:44)] - Warns to login with different credentials
2020-04-12 15:41:02.346 DEBUG [main] [com.stepdefinitions.Logging_PetStore] [the_user_clicks_on_login_button] [com.stepdefinitions.Logging_PetStore.the_user_clicks_on_login_button(Logging_PetStore.java:52)] - Signin takes place
2020-04-12 15:41:22.283 INFO [main] [com.stepdefinitions.Logging_PetStore] [the_user_launches_the_browser] [com.stepdefinitions.Logging_PetStore.the_user_launches_the_browser(Logging_PetStore.java:30)] - Launches the browser
2020-04-12 15:41:24.531 DEBUG [main] [com.stepdefinitions.Logging_PetStore] [the_user_open_PetStore_HomePage_using_the_link] [com.stepdefinitions.Logging_PetStore.the_user_open_PetStore_HomePage_using_the_link(Logging_PetStore.java:37)] - Opens the Home Page of the Petstore website
2020-04-12 15:41:24.834 WARN [main] [com.stepdefinitions.Logging_PetStore] [the_user_enters_valid_and] [com.stepdefinitions.Logging_PetStore.the_user_enters_valid_and(Logging_PetStore.java:44)] - Warns to login with different credentials
2020-04-12 15:41:28.476 DEBUG [main] [com.stepdefinitions.Logging_PetStore] [the_user_clicks_on_login_button] [com.stepdefinitions.Logging_PetStore.the_user_clicks_on_login_button(Logging_PetStore.java:52)] - Signin takes place
2020-04-12 15:41:50.753 INFO [main] [com.stepdefinitions.Logging_PetStore] [the_user_launches_the_browser] [com.stepdefinitions.Logging_PetStore.the_user_launches_the_browser(Logging_PetStore.java:30)] - Launches the browser
2020-04-12 15:41:57.446 DEBUG [main] [com.stepdefinitions.Logging_PetStore] [the_user_open_PetStore_HomePage_using_the_link] [com.stepdefinitions.Logging_PetStore.the_user_open_PetStore_HomePage_using_the_link(Logging_PetStore.java:37)] - Opens the Home Page of the Petstore website
2020-04-12 15:41:57.854 WARN [main] [com.stepdefinitions.Logging_PetStore] [the_user_enters_valid_and] [com.stepdefinitions.Logging_PetStore.the_user_enters_valid_and(Logging_PetStore.java:44)] - Warns to login with different credentials
2020-04-12 15:41:58.670 DEBUG [main] [com.stepdefinitions.Logging_PetStore] [the_user_clicks_on_login_button] [com.stepdefinitions.Logging_PetStore.the_user_clicks_on_login_button(Logging_PetStore.java:52)] - Signin takes place
2020-04-12 15:51:17.029 DEBUG [main] [com.stepdefinitions.Register_PetStore] [the_user_launch_the_browser] [com.stepdefinitions.Register_PetStore.the_user_launch_the_browser(Register_PetStore.java:28)] - Navigates to a specific Link
2020-04-12 15:53:36.756 DEBUG [main] [com.stepdefinitions.Register_PetStore] [the_user_launch_the_browser] [com.stepdefinitions.Register_PetStore.the_user_launch_the_browser(Register_PetStore.java:28)] - Navigates to a specific Link
2020-04-12 16:05:35.481 DEBUG [main] [com.stepdefinitions.Register_PetStore] [the_user_launch_the_browser] [com.stepdefinitions.Register_PetStore.the_user_launch_the_browser(Register_PetStore.java:29)] - Navigates to a specific Link
2020-04-12 16:21:36.054 DEBUG [main] [com.stepdefinitions.Register_PetStore] [the_user_launch_the_browser] [com.stepdefinitions.Register_PetStore.the_user_launch_the_browser(Register_PetStore.java:29)] - Navigates to a specific Link
2020-04-12 16:22:51.142 INFO [main] [com.stepdefinitions.Logging_PetStore] [the_user_launches_the_browser] [com.stepdefinitions.Logging_PetStore.the_user_launches_the_browser(Logging_PetStore.java:30)] - Launches the browser
2020-04-12 16:22:54.730 DEBUG [main] [com.stepdefinitions.Logging_PetStore] [the_user_open_PetStore_HomePage_using_the_link] [com.stepdefinitions.Logging_PetStore.the_user_open_PetStore_HomePage_using_the_link(Logging_PetStore.java:37)] - Opens the Home Page of the Petstore website
2020-04-12 16:22:55.048 WARN [main] [com.stepdefinitions.Logging_PetStore] [the_user_enters_valid_and] [com.stepdefinitions.Logging_PetStore.the_user_enters_valid_and(Logging_PetStore.java:44)] - Warns to login with different credentials
2020-04-12 16:22:55.458 DEBUG [main] [com.stepdefinitions.Logging_PetStore] [the_user_clicks_on_login_button] [com.stepdefinitions.Logging_PetStore.the_user_clicks_on_login_button(Logging_PetStore.java:52)] - Signin takes place
2020-04-12 16:23:11.970 INFO [main] [com.stepdefinitions.Logging_PetStore] [the_user_launches_the_browser] [com.stepdefinitions.Logging_PetStore.the_user_launches_the_browser(Logging_PetStore.java:30)] - Launches the browser
2020-04-12 16:23:15.098 DEBUG [main] [com.stepdefinitions.Logging_PetStore] [the_user_open_PetStore_HomePage_using_the_link] [com.stepdefinitions.Logging_PetStore.the_user_open_PetStore_HomePage_using_the_link(Logging_PetStore.java:37)] - Opens the Home Page of the Petstore website
2020-04-12 16:23:15.698 WARN [main] [com.stepdefinitions.Logging_PetStore] [the_user_enters_valid_and] [com.stepdefinitions.Logging_PetStore.the_user_enters_valid_and(Logging_PetStore.java:44)] - Warns to login with different credentials
2020-04-12 16:23:16.433 DEBUG [main] [com.stepdefinitions.Logging_PetStore] [the_user_clicks_on_login_button] [com.stepdefinitions.Logging_PetStore.the_user_clicks_on_login_button(Logging_PetStore.java:52)] - Signin takes place
2020-04-12 16:23:38.189 INFO [main] [com.stepdefinitions.Logging_PetStore] [the_user_launches_the_browser] [com.stepdefinitions.Logging_PetStore.the_user_launches_the_browser(Logging_PetStore.java:30)] - Launches the browser
2020-04-12 16:23:39.089 DEBUG [main] [com.stepdefinitions.Logging_PetStore] [the_user_open_PetStore_HomePage_using_the_link] [com.stepdefinitions.Logging_PetStore.the_user_open_PetStore_HomePage_using_the_link(Logging_PetStore.java:37)] - Opens the Home Page of the Petstore website
2020-04-12 16:23:39.503 WARN [main] [com.stepdefinitions.Logging_PetStore] [the_user_enters_valid_and] [com.stepdefinitions.Logging_PetStore.the_user_enters_valid_and(Logging_PetStore.java:44)] - Warns to login with different credentials
2020-04-12 16:23:39.920 DEBUG [main] [com.stepdefinitions.Logging_PetStore] [the_user_clicks_on_login_button] [com.stepdefinitions.Logging_PetStore.the_user_clicks_on_login_button(Logging_PetStore.java:52)] - Signin takes place
2020-04-12 16:24:04.517 INFO [main] [com.stepdefinitions.Logging_PetStore] [the_user_launches_the_browser] [com.stepdefinitions.Logging_PetStore.the_user_launches_the_browser(Logging_PetStore.java:30)] - Launches the browser
2020-04-12 16:24:07.018 DEBUG [main] [com.stepdefinitions.Logging_PetStore] [the_user_open_PetStore_HomePage_using_the_link] [com.stepdefinitions.Logging_PetStore.the_user_open_PetStore_HomePage_using_the_link(Logging_PetStore.java:37)] - Opens the Home Page of the Petstore website
2020-04-12 16:24:07.366 WARN [main] [com.stepdefinitions.Logging_PetStore] [the_user_enters_valid_and] [com.stepdefinitions.Logging_PetStore.the_user_enters_valid_and(Logging_PetStore.java:44)] - Warns to login with different credentials
2020-04-12 16:24:08.222 DEBUG [main] [com.stepdefinitions.Logging_PetStore] [the_user_clicks_on_login_button] [com.stepdefinitions.Logging_PetStore.the_user_clicks_on_login_button(Logging_PetStore.java:52)] - Signin takes place
2020-04-12 16:24:27.027 INFO [main] [com.stepdefinitions.Logging_PetStore] [the_user_launches_the_browser] [com.stepdefinitions.Logging_PetStore.the_user_launches_the_browser(Logging_PetStore.java:30)] - Launches the browser
2020-04-12 16:24:31.992 DEBUG [main] [com.stepdefinitions.Logging_PetStore] [the_user_open_PetStore_HomePage_using_the_link] [com.stepdefinitions.Logging_PetStore.the_user_open_PetStore_HomePage_using_the_link(Logging_PetStore.java:37)] - Opens the Home Page of the Petstore website
2020-04-12 16:24:32.360 WARN [main] [com.stepdefinitions.Logging_PetStore] [the_user_enters_valid_and] [com.stepdefinitions.Logging_PetStore.the_user_enters_valid_and(Logging_PetStore.java:44)] - Warns to login with different credentials
2020-04-12 16:24:33.762 DEBUG [main] [com.stepdefinitions.Logging_PetStore] [the_user_clicks_on_login_button] [com.stepdefinitions.Logging_PetStore.the_user_clicks_on_login_button(Logging_PetStore.java:52)] - Signin takes place
2020-04-12 16:33:59.194 INFO [main] [com.stepdefinitions.Logging_PetStore] [the_user_launches_the_browser] [com.stepdefinitions.Logging_PetStore.the_user_launches_the_browser(Logging_PetStore.java:30)] - Launches the browser
2020-04-12 16:34:01.424 DEBUG [main] [com.stepdefinitions.Logging_PetStore] [the_user_open_PetStore_HomePage_using_the_link] [com.stepdefinitions.Logging_PetStore.the_user_open_PetStore_HomePage_using_the_link(Logging_PetStore.java:37)] - Opens the Home Page of the Petstore website
2020-04-12 16:34:01.932 WARN [main] [com.stepdefinitions.Logging_PetStore] [the_user_enters_valid_and] [com.stepdefinitions.Logging_PetStore.the_user_enters_valid_and(Logging_PetStore.java:44)] - Warns to login with different credentials
2020-04-12 16:34:02.388 DEBUG [main] [com.stepdefinitions.Logging_PetStore] [the_user_clicks_on_login_button] [com.stepdefinitions.Logging_PetStore.the_user_clicks_on_login_button(Logging_PetStore.java:52)] - Signin takes place
2020-04-12 16:34:18.272 INFO [main] [com.stepdefinitions.Logging_PetStore] [the_user_launches_the_browser] [com.stepdefinitions.Logging_PetStore.the_user_launches_the_browser(Logging_PetStore.java:30)] - Launches the browser
2020-04-12 16:34:19.178 DEBUG [main] [com.stepdefinitions.Logging_PetStore] [the_user_open_PetStore_HomePage_using_the_link] [com.stepdefinitions.Logging_PetStore.the_user_open_PetStore_HomePage_using_the_link(Logging_PetStore.java:37)] - Opens the Home Page of the Petstore website
2020-04-12 16:34:19.515 WARN [main] [com.stepdefinitions.Logging_PetStore] [the_user_enters_valid_and] [com.stepdefinitions.Logging_PetStore.the_user_enters_valid_and(Logging_PetStore.java:44)] - Warns to login with different credentials
2020-04-12 16:34:20.872 DEBUG [main] [com.stepdefinitions.Logging_PetStore] [the_user_clicks_on_login_button] [com.stepdefinitions.Logging_PetStore.the_user_clicks_on_login_button(Logging_PetStore.java:52)] - Signin takes place
2020-04-12 16:34:35.683 INFO [main] [com.stepdefinitions.Logging_PetStore] [the_user_launches_the_browser] [com.stepdefinitions.Logging_PetStore.the_user_launches_the_browser(Logging_PetStore.java:30)] - Launches the browser
2020-04-12 16:34:37.303 DEBUG [main] [com.stepdefinitions.Logging_PetStore] [the_user_open_PetStore_HomePage_using_the_link] [com.stepdefinitions.Logging_PetStore.the_user_open_PetStore_HomePage_using_the_link(Logging_PetStore.java:37)] - Opens the Home Page of the Petstore website
2020-04-12 16:34:37.585 WARN [main] [com.stepdefinitions.Logging_PetStore] [the_user_enters_valid_and] [com.stepdefinitions.Logging_PetStore.the_user_enters_valid_and(Logging_PetStore.java:44)] - Warns to login with different credentials
2020-04-12 16:34:38.314 DEBUG [main] [com.stepdefinitions.Logging_PetStore] [the_user_clicks_on_login_button] [com.stepdefinitions.Logging_PetStore.the_user_clicks_on_login_button(Logging_PetStore.java:52)] - Signin takes place
2020-04-12 16:35:03.196 INFO [main] [com.stepdefinitions.Logging_PetStore] [the_user_launches_the_browser] [com.stepdefinitions.Logging_PetStore.the_user_launches_the_browser(Logging_PetStore.java:30)] - Launches the browser
2020-04-12 16:35:06.995 DEBUG [main] [com.stepdefinitions.Logging_PetStore] [the_user_open_PetStore_HomePage_using_the_link] [com.stepdefinitions.Logging_PetStore.the_user_open_PetStore_HomePage_using_the_link(Logging_PetStore.java:37)] - Opens the Home Page of the Petstore website
2020-04-12 16:35:07.283 WARN [main] [com.stepdefinitions.Logging_PetStore] [the_user_enters_valid_and] [com.stepdefinitions.Logging_PetStore.the_user_enters_valid_and(Logging_PetStore.java:44)] - Warns to login with different credentials
2020-04-12 16:35:08.208 DEBUG [main] [com.stepdefinitions.Logging_PetStore] [the_user_clicks_on_login_button] [com.stepdefinitions.Logging_PetStore.the_user_clicks_on_login_button(Logging_PetStore.java:52)] - Signin takes place
2020-04-12 16:35:27.924 INFO [main] [com.stepdefinitions.Logging_PetStore] [the_user_launches_the_browser] [com.stepdefinitions.Logging_PetStore.the_user_launches_the_browser(Logging_PetStore.java:30)] - Launches the browser
2020-04-12 16:35:29.686 DEBUG [main] [com.stepdefinitions.Logging_PetStore] [the_user_open_PetStore_HomePage_using_the_link] [com.stepdefinitions.Logging_PetStore.the_user_open_PetStore_HomePage_using_the_link(Logging_PetStore.java:37)] - Opens the Home Page of the Petstore website
2020-04-12 16:35:29.972 WARN [main] [com.stepdefinitions.Logging_PetStore] [the_user_enters_valid_and] [com.stepdefinitions.Logging_PetStore.the_user_enters_valid_and(Logging_PetStore.java:44)] - Warns to login with different credentials
2020-04-12 16:35:34.796 DEBUG [main] [com.stepdefinitions.Logging_PetStore] [the_user_clicks_on_login_button] [com.stepdefinitions.Logging_PetStore.the_user_clicks_on_login_button(Logging_PetStore.java:52)] - Signin takes place
2020-04-12 16:41:33.821 INFO [main] [com.stepdefinitions.Logging_PetStore] [the_user_launches_the_browser] [com.stepdefinitions.Logging_PetStore.the_user_launches_the_browser(Logging_PetStore.java:30)] - Launches the browser
2020-04-12 16:41:34.436 DEBUG [main] [com.stepdefinitions.Logging_PetStore] [the_user_open_PetStore_HomePage_using_the_link] [com.stepdefinitions.Logging_PetStore.the_user_open_PetStore_HomePage_using_the_link(Logging_PetStore.java:37)] - Opens the Home Page of the Petstore website
2020-04-12 16:41:34.767 WARN [main] [com.stepdefinitions.Logging_PetStore] [the_user_enters_valid_and] [com.stepdefinitions.Logging_PetStore.the_user_enters_valid_and(Logging_PetStore.java:44)] - Warns to login with different credentials
2020-04-12 16:41:35.596 DEBUG [main] [com.stepdefinitions.Logging_PetStore] [the_user_clicks_on_login_button] [com.stepdefinitions.Logging_PetStore.the_user_clicks_on_login_button(Logging_PetStore.java:52)] - Signin takes place
2020-04-12 16:41:37.510 INFO [main] [com.stepdefinitions.Logging_PetStore] [the_user_lands_on_the_Welcome_page] [com.stepdefinitions.Logging_PetStore.the_user_lands_on_the_Welcome_page(Logging_PetStore.java:59)] - Open the welcome page
2020-04-12 16:41:44.392 INFO [main] [com.stepdefinitions.Logging_PetStore] [the_user_launches_the_browser] [com.stepdefinitions.Logging_PetStore.the_user_launches_the_browser(Logging_PetStore.java:30)] - Launches the browser
2020-04-12 16:41:44.856 DEBUG [main] [com.stepdefinitions.Logging_PetStore] [the_user_open_PetStore_HomePage_using_the_link] [com.stepdefinitions.Logging_PetStore.the_user_open_PetStore_HomePage_using_the_link(Logging_PetStore.java:37)] - Opens the Home Page of the Petstore website
2020-04-12 16:41:45.142 WARN [main] [com.stepdefinitions.Logging_PetStore] [the_user_enters_valid_and] [com.stepdefinitions.Logging_PetStore.the_user_enters_valid_and(Logging_PetStore.java:44)] - Warns to login with different credentials
2020-04-12 16:41:45.507 DEBUG [main] [com.stepdefinitions.Logging_PetStore] [the_user_clicks_on_login_button] [com.stepdefinitions.Logging_PetStore.the_user_clicks_on_login_button(Logging_PetStore.java:52)] - Signin takes place
2020-04-12 16:41:46.853 INFO [main] [com.stepdefinitions.Logging_PetStore] [the_user_lands_on_the_Welcome_page] [com.stepdefinitions.Logging_PetStore.the_user_lands_on_the_Welcome_page(Logging_PetStore.java:59)] - Open the welcome page
2020-04-12 16:41:52.803 INFO [main] [com.stepdefinitions.Logging_PetStore] [the_user_launches_the_browser] [com.stepdefinitions.Logging_PetStore.the_user_launches_the_browser(Logging_PetStore.java:30)] - Launches the browser
2020-04-12 16:41:53.263 DEBUG [main] [com.stepdefinitions.Logging_PetStore] [the_user_open_PetStore_HomePage_using_the_link] [com.stepdefinitions.Logging_PetStore.the_user_open_PetStore_HomePage_using_the_link(Logging_PetStore.java:37)] - Opens the Home Page of the Petstore website
2020-04-12 16:41:53.560 WARN [main] [com.stepdefinitions.Logging_PetStore] [the_user_enters_valid_and] [com.stepdefinitions.Logging_PetStore.the_user_enters_valid_and(Logging_PetStore.java:44)] - Warns to login with different credentials
2020-04-12 16:41:54.521 DEBUG [main] [com.stepdefinitions.Logging_PetStore] [the_user_clicks_on_login_button] [com.stepdefinitions.Logging_PetStore.the_user_clicks_on_login_button(Logging_PetStore.java:52)] - Signin takes place
2020-04-12 16:41:55.912 INFO [main] [com.stepdefinitions.Logging_PetStore] [the_user_lands_on_the_Welcome_page] [com.stepdefinitions.Logging_PetStore.the_user_lands_on_the_Welcome_page(Logging_PetStore.java:59)] - Open the welcome page
2020-04-12 16:42:01.555 INFO [main] [com.stepdefinitions.Logging_PetStore] [the_user_launches_the_browser] [com.stepdefinitions.Logging_PetStore.the_user_launches_the_browser(Logging_PetStore.java:30)] - Launches the browser
2020-04-12 16:42:04.254 DEBUG [main] [com.stepdefinitions.Logging_PetStore] [the_user_open_PetStore_HomePage_using_the_link] [com.stepdefinitions.Logging_PetStore.the_user_open_PetStore_HomePage_using_the_link(Logging_PetStore.java:37)] - Opens the Home Page of the Petstore website
2020-04-12 16:42:04.550 WARN [main] [com.stepdefinitions.Logging_PetStore] [the_user_enters_valid_and] [com.stepdefinitions.Logging_PetStore.the_user_enters_valid_and(Logging_PetStore.java:44)] - Warns to login with different credentials
2020-04-12 16:42:04.899 DEBUG [main] [com.stepdefinitions.Logging_PetStore] [the_user_clicks_on_login_button] [com.stepdefinitions.Logging_PetStore.the_user_clicks_on_login_button(Logging_PetStore.java:52)] - Signin takes place
2020-04-12 16:42:06.969 INFO [main] [com.stepdefinitions.Logging_PetStore] [the_user_lands_on_the_Welcome_page] [com.stepdefinitions.Logging_PetStore.the_user_lands_on_the_Welcome_page(Logging_PetStore.java:59)] - Open the welcome page
2020-04-12 16:42:12.357 INFO [main] [com.stepdefinitions.Logging_PetStore] [the_user_launches_the_browser] [com.stepdefinitions.Logging_PetStore.the_user_launches_the_browser(Logging_PetStore.java:30)] - Launches the browser
2020-04-12 16:42:12.796 DEBUG [main] [com.stepdefinitions.Logging_PetStore] [the_user_open_PetStore_HomePage_using_the_link] [com.stepdefinitions.Logging_PetStore.the_user_open_PetStore_HomePage_using_the_link(Logging_PetStore.java:37)] - Opens the Home Page of the Petstore website
2020-04-12 16:42:13.078 WARN [main] [com.stepdefinitions.Logging_PetStore] [the_user_enters_valid_and] [com.stepdefinitions.Logging_PetStore.the_user_enters_valid_and(Logging_PetStore.java:44)] - Warns to login with different credentials
2020-04-12 16:42:14.649 DEBUG [main] [com.stepdefinitions.Logging_PetStore] [the_user_clicks_on_login_button] [com.stepdefinitions.Logging_PetStore.the_user_clicks_on_login_button(Logging_PetStore.java:52)] - Signin takes place
2020-04-12 16:42:17.918 INFO [main] [com.stepdefinitions.Logging_PetStore] [the_user_lands_on_the_Welcome_page] [com.stepdefinitions.Logging_PetStore.the_user_lands_on_the_Welcome_page(Logging_PetStore.java:59)] - Open the welcome page
2020-04-12 16:49:00.943 DEBUG [main] [com.stepdefinitions.Register_PetStore] [the_user_launch_the_browser] [com.stepdefinitions.Register_PetStore.the_user_launch_the_browser(Register_PetStore.java:30)] - Navigates to a specific Link
2020-04-12 16:49:01.906 DEBUG [main] [com.stepdefinitions.Register_PetStore] [the_user_open_the_Pet_Store_Home_page_using_the_link] [com.stepdefinitions.Register_PetStore.the_user_open_the_Pet_Store_Home_page_using_the_link(Register_PetStore.java:37)] - Home page of is opened
2020-04-12 16:49:04.165 WARN [main] [com.stepdefinitions.Register_PetStore] [the_user_enters_the_details_to_register] [com.stepdefinitions.Register_PetStore.the_user_enters_the_details_to_register(Register_PetStore.java:44)] - Registration page is opened and warn to give same password in retype password
2020-04-12 16:49:06.074 INFO [main] [com.stepdefinitions.Register_PetStore] [the_user_clicks_on_register_button] [com.stepdefinitions.Register_PetStore.the_user_clicks_on_register_button(Register_PetStore.java:51)] - Click on Save the information
2020-04-12 16:49:07.744 INFO [main] [com.stepdefinitions.Register_PetStore] [the_user_lands_on_the_Home_page_to_signin] [com.stepdefinitions.Register_PetStore.the_user_lands_on_the_Home_page_to_signin(Register_PetStore.java:58)] - Regisration Completed
2020-04-12 16:58:34.798 DEBUG [main] [com.stepdefinitions.Register_PetStore] [the_user_launch_the_browser] [com.stepdefinitions.Register_PetStore.the_user_launch_the_browser(Register_PetStore.java:30)] - Navigates to a specific Link
2020-04-12 16:58:35.683 DEBUG [main] [com.stepdefinitions.Register_PetStore] [the_user_open_the_Pet_Store_Home_page_using_the_link] [com.stepdefinitions.Register_PetStore.the_user_open_the_Pet_Store_Home_page_using_the_link(Register_PetStore.java:37)] - Home page of is opened
2020-04-12 16:58:37.741 WARN [main] [com.stepdefinitions.Register_PetStore] [the_user_enters_the_details_to_register] [com.stepdefinitions.Register_PetStore.the_user_enters_the_details_to_register(Register_PetStore.java:44)] - Registration page is opened and warn to give same password in retype password
2020-04-12 16:58:38.231 INFO [main] [com.stepdefinitions.Register_PetStore] [the_user_clicks_on_register_button] [com.stepdefinitions.Register_PetStore.the_user_clicks_on_register_button(Register_PetStore.java:51)] - Click on Save the information
2020-04-12 16:58:39.574 INFO [main] [com.stepdefinitions.Register_PetStore] [the_user_lands_on_the_Home_page_to_signin] [com.stepdefinitions.Register_PetStore.the_user_lands_on_the_Home_page_to_signin(Register_PetStore.java:58)] - Regisration Completed
2020-04-12 17:13:35.962 DEBUG [main] [com.stepdefinitions.Register_PetStore] [the_user_launch_the_browser] [com.stepdefinitions.Register_PetStore.the_user_launch_the_browser(Register_PetStore.java:30)] - Navigates to a specific Link
2020-04-12 17:13:42.030 DEBUG [main] [com.stepdefinitions.Register_PetStore] [the_user_open_the_Pet_Store_Home_page_using_the_link] [com.stepdefinitions.Register_PetStore.the_user_open_the_Pet_Store_Home_page_using_the_link(Register_PetStore.java:37)] - Home page of is opened
2020-04-12 17:13:44.502 WARN [main] [com.stepdefinitions.Register_PetStore] [the_user_enters_the_details_to_register] [com.stepdefinitions.Register_PetStore.the_user_enters_the_details_to_register(Register_PetStore.java:44)] - Registration page is opened and warn to give same password in retype password
2020-04-12 17:13:45.156 INFO [main] [com.stepdefinitions.Register_PetStore] [the_user_clicks_on_register_button] [com.stepdefinitions.Register_PetStore.the_user_clicks_on_register_button(Register_PetStore.java:51)] - Click on Save the information
2020-04-12 17:13:52.372 INFO [main] [com.stepdefinitions.Register_PetStore] [the_user_lands_on_the_Home_page_to_signin] [com.stepdefinitions.Register_PetStore.the_user_lands_on_the_Home_page_to_signin(Register_PetStore.java:58)] - Regisration Completed
2020-04-12 17:25:31.301 DEBUG [main] [com.stepdefinitions.Searching_PetStore] [the_user_will_launches_the_browser] [com.stepdefinitions.Searching_PetStore.the_user_will_launches_the_browser(Searching_PetStore.java:30)] - Launches the browser
2020-04-12 17:25:33.459 INFO [main] [com.stepdefinitions.Searching_PetStore] [the_user_loggedin_using_valid_credentials] [com.stepdefinitions.Searching_PetStore.the_user_loggedin_using_valid_credentials(Searching_PetStore.java:37)] - Login takes place
2020-04-12 17:25:34.618 INFO [main] [com.stepdefinitions.Searching_PetStore] [the_user_search_different_types_of_pets] [com.stepdefinitions.Searching_PetStore.the_user_search_different_types_of_pets(Searching_PetStore.java:44)] - Searching takes place
2020-04-12 17:25:36.653 DEBUG [main] [com.stepdefinitions.Searching_PetStore] [the_user_lands_on_the_searched_pets] [com.stepdefinitions.Searching_PetStore.the_user_lands_on_the_searched_pets(Searching_PetStore.java:51)] - Get the pets which are searched
2020-04-12 17:27:02.623 DEBUG [main] [com.stepdefinitions.Invalid_PetStore] [the_user_will_launch_the_browser] [com.stepdefinitions.Invalid_PetStore.the_user_will_launch_the_browser(Invalid_PetStore.java:30)] - Launches the browser
2020-04-12 17:27:03.891 DEBUG [main] [com.stepdefinitions.Invalid_PetStore] [the_user_open_the_Pet_Store_Home_page_through_the_link] [com.stepdefinitions.Invalid_PetStore.the_user_open_the_Pet_Store_Home_page_through_the_link(Invalid_PetStore.java:37)] - opens the petstore website
2020-04-12 17:27:04.803 INFO [main] [com.stepdefinitions.Invalid_PetStore] [the_user_enters_invalid_credentials] [com.stepdefinitions.Invalid_PetStore.the_user_enters_invalid_credentials(Invalid_PetStore.java:44)] - Given invalid credentials
2020-04-12 17:27:05.357 INFO [main] [com.stepdefinitions.Invalid_PetStore] [the_user_will_click_on_login_button] [com.stepdefinitions.Invalid_PetStore.the_user_will_click_on_login_button(Invalid_PetStore.java:51)] - Submitting with invalid credentials
2020-04-12 17:27:07.522 WARN [main] [com.stepdefinitions.Invalid_PetStore] [it_gives_error_message_that_the_credentials_are_invalid] [com.stepdefinitions.Invalid_PetStore.it_gives_error_message_that_the_credentials_are_invalid(Invalid_PetStore.java:58)] - Gives a warning that u have entered invalid un/pswd
2020-04-12 17:35:25.661 DEBUG [main] [com.stepdefinitions.Searching_PetStore] [the_user_will_launches_the_browser] [com.stepdefinitions.Searching_PetStore.the_user_will_launches_the_browser(Searching_PetStore.java:30)] - Launches the browser
2020-04-12 17:35:29.279 INFO [main] [com.stepdefinitions.Searching_PetStore] [the_user_loggedin_using_valid_credentials] [com.stepdefinitions.Searching_PetStore.the_user_loggedin_using_valid_credentials(Searching_PetStore.java:37)] - Login takes place
2020-04-12 17:35:31.150 INFO [main] [com.stepdefinitions.Searching_PetStore] [the_user_search_different_types_of_pets] [com.stepdefinitions.Searching_PetStore.the_user_search_different_types_of_pets(Searching_PetStore.java:44)] - Searching takes place
2020-04-12 17:35:34.314 DEBUG [main] [com.stepdefinitions.Searching_PetStore] [the_user_lands_on_the_searched_pets] [com.stepdefinitions.Searching_PetStore.the_user_lands_on_the_searched_pets(Searching_PetStore.java:51)] - Get the pets which are searched
2020-04-12 17:47:08.784 INFO [main] [com.stepdefinitions.Updating_PetStore] [i_launch_the_browser] [com.stepdefinitions.Updating_PetStore.i_launch_the_browser(Updating_PetStore.java:29)] - Launches the browser
2020-04-12 17:47:11.388 DEBUG [main] [com.stepdefinitions.Updating_PetStore] [i_Search_the_pet_without_logging_in] [com.stepdefinitions.Updating_PetStore.i_Search_the_pet_without_logging_in(Updating_PetStore.java:36)] - Searched the pet
2020-04-12 17:47:12.492 INFO [main] [com.stepdefinitions.Updating_PetStore] [i_click_on_a_certain_pet_which_lands_on_Shopping_Cart] [com.stepdefinitions.Updating_PetStore.i_click_on_a_certain_pet_which_lands_on_Shopping_Cart(Updating_PetStore.java:43)] - Redirected to Shopping cart page
2020-04-12 17:47:14.826 FATAL [main] [com.stepdefinitions.Updating_PetStore] [i_click_on_update_and_click_on_return_to_menu_and_then_quit_the_browser] [com.stepdefinitions.Updating_PetStore.i_click_on_update_and_click_on_return_to_menu_and_then_quit_the_browser(Updating_PetStore.java:50)] - Cart is Updated
2020-04-12 17:49:02.406 INFO [main] [com.stepdefinitions.HelpSection_PetStore] [i_will_launch_the_browser] [com.stepdefinitions.HelpSection_PetStore.i_will_launch_the_browser(HelpSection_PetStore.java:29)] - Launches the browser
2020-04-12 17:49:03.055 DEBUG [main] [com.stepdefinitions.HelpSection_PetStore] [i_will_launch_the_website] [com.stepdefinitions.HelpSection_PetStore.i_will_launch_the_website(HelpSection_PetStore.java:36)] - Redirected to the Ptsore website
2020-04-12 17:49:03.623 INFO [main] [com.stepdefinitions.HelpSection_PetStore] [i_will_click_on_the_help_section] [com.stepdefinitions.HelpSection_PetStore.i_will_click_on_the_help_section(HelpSection_PetStore.java:43)] - Clicked on the help section
2020-04-12 17:49:05.153 WARN [main] [com.stepdefinitions.HelpSection_PetStore] [i_will_click_on_a_specific_issue_and_then_quit] [com.stepdefinitions.HelpSection_PetStore.i_will_click_on_a_specific_issue_and_then_quit(HelpSection_PetStore.java:50)] - Clicked on a Issue and closed the browser
2020-04-12 17:58:05.782 DEBUG [main] [com.stepdefinitions.Register_PetStore] [the_user_launch_the_browser] [com.stepdefinitions.Register_PetStore.the_user_launch_the_browser(Register_PetStore.java:23)] - Navigates to a specific Link
2020-04-12 17:58:07.613 DEBUG [main] [com.stepdefinitions.Register_PetStore] [the_user_open_the_Pet_Store_Home_page_using_the_link] [com.stepdefinitions.Register_PetStore.the_user_open_the_Pet_Store_Home_page_using_the_link(Register_PetStore.java:30)] - Home page of is opened
2020-04-12 17:58:10.726 WARN [main] [com.stepdefinitions.Register_PetStore] [the_user_enters_the_details_to_register] [com.stepdefinitions.Register_PetStore.the_user_enters_the_details_to_register(Register_PetStore.java:37)] - Registration page is opened and warn to give same password in retype password
2020-04-12 17:58:12.392 INFO [main] [com.stepdefinitions.Register_PetStore] [the_user_clicks_on_register_button] [com.stepdefinitions.Register_PetStore.the_user_clicks_on_register_button(Register_PetStore.java:44)] - Click on Save the information
2020-04-12 17:58:16.068 INFO [main] [com.stepdefinitions.Register_PetStore] [the_user_lands_on_the_Home_page_to_signin] [com.stepdefinitions.Register_PetStore.the_user_lands_on_the_Home_page_to_signin(Register_PetStore.java:51)] - Regisration Completed
2020-04-12 17:58:25.744 INFO [main] [com.stepdefinitions.Logging_PetStore] [the_user_launches_the_browser] [com.stepdefinitions.Logging_PetStore.the_user_launches_the_browser(Logging_PetStore.java:24)] - Launches the browser
2020-04-12 17:58:26.358 DEBUG [main] [com.stepdefinitions.Logging_PetStore] [the_user_open_PetStore_HomePage_using_the_link] [com.stepdefinitions.Logging_PetStore.the_user_open_PetStore_HomePage_using_the_link(Logging_PetStore.java:31)] - Opens the Home Page of the Petstore website
2020-04-12 17:58:26.851 WARN [main] [com.stepdefinitions.Logging_PetStore] [the_user_enters_valid_and] [com.stepdefinitions.Logging_PetStore.the_user_enters_valid_and(Logging_PetStore.java:38)] - Warns to login with different credentials
2020-04-12 17:58:27.523 DEBUG [main] [com.stepdefinitions.Logging_PetStore] [the_user_clicks_on_login_button] [com.stepdefinitions.Logging_PetStore.the_user_clicks_on_login_button(Logging_PetStore.java:46)] - Signin takes place
2020-04-12 17:58:30.364 INFO [main] [com.stepdefinitions.Logging_PetStore] [the_user_lands_on_the_Welcome_page] [com.stepdefinitions.Logging_PetStore.the_user_lands_on_the_Welcome_page(Logging_PetStore.java:53)] - Open the welcome page
2020-04-12 17:58:38.833 INFO [main] [com.stepdefinitions.Logging_PetStore] [the_user_launches_the_browser] [com.stepdefinitions.Logging_PetStore.the_user_launches_the_browser(Logging_PetStore.java:24)] - Launches the browser
2020-04-12 17:58:39.612 DEBUG [main] [com.stepdefinitions.Logging_PetStore] [the_user_open_PetStore_HomePage_using_the_link] [com.stepdefinitions.Logging_PetStore.the_user_open_PetStore_HomePage_using_the_link(Logging_PetStore.java:31)] - Opens the Home Page of the Petstore website
2020-04-12 17:58:39.984 WARN [main] [com.stepdefinitions.Logging_PetStore] [the_user_enters_valid_and] [com.stepdefinitions.Logging_PetStore.the_user_enters_valid_and(Logging_PetStore.java:38)] - Warns to login with different credentials
2020-04-12 17:58:40.336 DEBUG [main] [com.stepdefinitions.Logging_PetStore] [the_user_clicks_on_login_button] [com.stepdefinitions.Logging_PetStore.the_user_clicks_on_login_button(Logging_PetStore.java:46)] - Signin takes place
2020-04-12 17:58:41.731 INFO [main] [com.stepdefinitions.Logging_PetStore] [the_user_lands_on_the_Welcome_page] [com.stepdefinitions.Logging_PetStore.the_user_lands_on_the_Welcome_page(Logging_PetStore.java:53)] - Open the welcome page
2020-04-12 17:58:47.211 INFO [main] [com.stepdefinitions.Logging_PetStore] [the_user_launches_the_browser] [com.stepdefinitions.Logging_PetStore.the_user_launches_the_browser(Logging_PetStore.java:24)] - Launches the browser
2020-04-12 17:58:48.118 DEBUG [main] [com.stepdefinitions.Logging_PetStore] [the_user_open_PetStore_HomePage_using_the_link] [com.stepdefinitions.Logging_PetStore.the_user_open_PetStore_HomePage_using_the_link(Logging_PetStore.java:31)] - Opens the Home Page of the Petstore website
2020-04-12 17:58:48.453 WARN [main] [com.stepdefinitions.Logging_PetStore] [the_user_enters_valid_and] [com.stepdefinitions.Logging_PetStore.the_user_enters_valid_and(Logging_PetStore.java:38)] - Warns to login with different credentials
2020-04-12 17:58:49.813 DEBUG [main] [com.stepdefinitions.Logging_PetStore] [the_user_clicks_on_login_button] [com.stepdefinitions.Logging_PetStore.the_user_clicks_on_login_button(Logging_PetStore.java:46)] - Signin takes place
2020-04-12 17:58:52.111 INFO [main] [com.stepdefinitions.Logging_PetStore] [the_user_lands_on_the_Welcome_page] [com.stepdefinitions.Logging_PetStore.the_user_lands_on_the_Welcome_page(Logging_PetStore.java:53)] - Open the welcome page
2020-04-12 17:58:59.248 INFO [main] [com.stepdefinitions.Logging_PetStore] [the_user_launches_the_browser] [com.stepdefinitions.Logging_PetStore.the_user_launches_the_browser(Logging_PetStore.java:24)] - Launches the browser
2020-04-12 17:58:59.719 DEBUG [main] [com.stepdefinitions.Logging_PetStore] [the_user_open_PetStore_HomePage_using_the_link] [com.stepdefinitions.Logging_PetStore.the_user_open_PetStore_HomePage_using_the_link(Logging_PetStore.java:31)] - Opens the Home Page of the Petstore website
2020-04-12 17:59:00.060 WARN [main] [com.stepdefinitions.Logging_PetStore] [the_user_enters_valid_and] [com.stepdefinitions.Logging_PetStore.the_user_enters_valid_and(Logging_PetStore.java:38)] - Warns to login with different credentials
2020-04-12 17:59:00.768 DEBUG [main] [com.stepdefinitions.Logging_PetStore] [the_user_clicks_on_login_button] [com.stepdefinitions.Logging_PetStore.the_user_clicks_on_login_button(Logging_PetStore.java:46)] - Signin takes place
2020-04-12 17:59:02.716 INFO [main] [com.stepdefinitions.Logging_PetStore] [the_user_lands_on_the_Welcome_page] [com.stepdefinitions.Logging_PetStore.the_user_lands_on_the_Welcome_page(Logging_PetStore.java:53)] - Open the welcome page
2020-04-12 17:59:09.351 INFO [main] [com.stepdefinitions.Logging_PetStore] [the_user_launches_the_browser] [com.stepdefinitions.Logging_PetStore.the_user_launches_the_browser(Logging_PetStore.java:24)] - Launches the browser
2020-04-12 17:59:10.328 DEBUG [main] [com.stepdefinitions.Logging_PetStore] [the_user_open_PetStore_HomePage_using_the_link] [com.stepdefinitions.Logging_PetStore.the_user_open_PetStore_HomePage_using_the_link(Logging_PetStore.java:31)] - Opens the Home Page of the Petstore website
2020-04-12 17:59:10.629 WARN [main] [com.stepdefinitions.Logging_PetStore] [the_user_enters_valid_and] [com.stepdefinitions.Logging_PetStore.the_user_enters_valid_and(Logging_PetStore.java:38)] - Warns to login with different credentials
2020-04-12 17:59:11.604 DEBUG [main] [com.stepdefinitions.Logging_PetStore] [the_user_clicks_on_login_button] [com.stepdefinitions.Logging_PetStore.the_user_clicks_on_login_button(Logging_PetStore.java:46)] - Signin takes place
2020-04-12 17:59:15.447 INFO [main] [com.stepdefinitions.Logging_PetStore] [the_user_lands_on_the_Welcome_page] [com.stepdefinitions.Logging_PetStore.the_user_lands_on_the_Welcome_page(Logging_PetStore.java:53)] - Open the welcome page
2020-04-12 17:59:23.006 DEBUG [main] [com.stepdefinitions.Invalid_PetStore] [the_user_will_launch_the_browser] [com.stepdefinitions.Invalid_PetStore.the_user_will_launch_the_browser(Invalid_PetStore.java:23)] - Launches the browser
2020-04-12 17:59:24.101 DEBUG [main] [com.stepdefinitions.Invalid_PetStore] [the_user_open_the_Pet_Store_Home_page_through_the_link] [com.stepdefinitions.Invalid_PetStore.the_user_open_the_Pet_Store_Home_page_through_the_link(Invalid_PetStore.java:30)] - opens the petstore website
2020-04-12 17:59:24.524 INFO [main] [com.stepdefinitions.Invalid_PetStore] [the_user_enters_invalid_credentials] [com.stepdefinitions.Invalid_PetStore.the_user_enters_invalid_credentials(Invalid_PetStore.java:37)] - Given invalid credentials
2020-04-12 17:59:24.858 INFO [main] [com.stepdefinitions.Invalid_PetStore] [the_user_will_click_on_login_button] [com.stepdefinitions.Invalid_PetStore.the_user_will_click_on_login_button(Invalid_PetStore.java:44)] - Submitting with invalid credentials
2020-04-12 17:59:28.766 WARN [main] [com.stepdefinitions.Invalid_PetStore] [it_gives_error_message_that_the_credentials_are_invalid] [com.stepdefinitions.Invalid_PetStore.it_gives_error_message_that_the_credentials_are_invalid(Invalid_PetStore.java:51)] - Gives a warning that u have entered invalid un/pswd
2020-04-12 17:59:36.544 DEBUG [main] [com.stepdefinitions.Searching_PetStore] [the_user_will_launches_the_browser] [com.stepdefinitions.Searching_PetStore.the_user_will_launches_the_browser(Searching_PetStore.java:23)] - Launches the browser
2020-04-12 17:59:38.253 INFO [main] [com.stepdefinitions.Searching_PetStore] [the_user_loggedin_using_valid_credentials] [com.stepdefinitions.Searching_PetStore.the_user_loggedin_using_valid_credentials(Searching_PetStore.java:30)] - Login takes place
2020-04-12 17:59:39.092 INFO [main] [com.stepdefinitions.Searching_PetStore] [the_user_search_different_types_of_pets] [com.stepdefinitions.Searching_PetStore.the_user_search_different_types_of_pets(Searching_PetStore.java:37)] - Searching takes place
2020-04-12 17:59:41.240 DEBUG [main] [com.stepdefinitions.Searching_PetStore] [the_user_lands_on_the_searched_pets] [com.stepdefinitions.Searching_PetStore.the_user_lands_on_the_searched_pets(Searching_PetStore.java:44)] - Get the pets which are searched
2020-04-12 17:59:47.710 INFO [main] [com.stepdefinitions.AddToCart_PetStore] [user_launches_the_browser] [com.stepdefinitions.AddToCart_PetStore.user_launches_the_browser(AddToCart_PetStore.java:22)] - Launches the browser
2020-04-12 17:59:50.692 DEBUG [main] [com.stepdefinitions.AddToCart_PetStore] [user_loggedin_using_valid_credentials] [com.stepdefinitions.AddToCart_PetStore.user_loggedin_using_valid_credentials(AddToCart_PetStore.java:29)] - Login takes place
2020-04-12 17:59:52.475 INFO [main] [com.stepdefinitions.AddToCart_PetStore] [user_search_different_types_of_pets_and_clicks_on_the_specific_pet] [com.stepdefinitions.AddToCart_PetStore.user_search_different_types_of_pets_and_clicks_on_the_specific_pet(AddToCart_PetStore.java:36)] - Clicked on a specific pet
2020-04-12 17:59:54.575 FATAL [main] [com.stepdefinitions.AddToCart_PetStore] [user_lands_on_the_Shopping_cart_page] [com.stepdefinitions.AddToCart_PetStore.user_lands_on_the_Shopping_cart_page(AddToCart_PetStore.java:43)] - Added to the cart
2020-04-12 18:00:02.302 INFO [main] [com.stepdefinitions.Updating_PetStore] [i_launch_the_browser] [com.stepdefinitions.Updating_PetStore.i_launch_the_browser(Updating_PetStore.java:22)] - Launches the browser
2020-04-12 18:00:03.502 DEBUG [main] [com.stepdefinitions.Updating_PetStore] [i_Search_the_pet_without_logging_in] [com.stepdefinitions.Updating_PetStore.i_Search_the_pet_without_logging_in(Updating_PetStore.java:29)] - Searched the pet
2020-04-12 18:00:04.616 INFO [main] [com.stepdefinitions.Updating_PetStore] [i_click_on_a_certain_pet_which_lands_on_Shopping_Cart] [com.stepdefinitions.Updating_PetStore.i_click_on_a_certain_pet_which_lands_on_Shopping_Cart(Updating_PetStore.java:36)] - Redirected to Shopping cart page
2020-04-12 18:00:06.333 FATAL [main] [com.stepdefinitions.Updating_PetStore] [i_click_on_update_and_click_on_return_to_menu_and_then_quit_the_browser] [com.stepdefinitions.Updating_PetStore.i_click_on_update_and_click_on_return_to_menu_and_then_quit_the_browser(Updating_PetStore.java:43)] - Cart is Updated
2020-04-12 18:00:13.218 INFO [main] [com.stepdefinitions.HelpSection_PetStore] [i_will_launch_the_browser] [com.stepdefinitions.HelpSection_PetStore.i_will_launch_the_browser(HelpSection_PetStore.java:22)] - Launches the browser
2020-04-12 18:00:13.525 DEBUG [main] [com.stepdefinitions.HelpSection_PetStore] [i_will_launch_the_website] [com.stepdefinitions.HelpSection_PetStore.i_will_launch_the_website(HelpSection_PetStore.java:29)] - Redirected to the Ptsore website
2020-04-12 18:00:14.545 INFO [main] [com.stepdefinitions.HelpSection_PetStore] [i_will_click_on_the_help_section] [com.stepdefinitions.HelpSection_PetStore.i_will_click_on_the_help_section(HelpSection_PetStore.java:36)] - Clicked on the help section
2020-04-12 18:00:16.384 WARN [main] [com.stepdefinitions.HelpSection_PetStore] [i_will_click_on_a_specific_issue_and_then_quit] [com.stepdefinitions.HelpSection_PetStore.i_will_click_on_a_specific_issue_and_then_quit(HelpSection_PetStore.java:43)] - Clicked on a Issue and closed the browser
